<?xml version="1.0" encoding="UTF-8"?>
<testng-results skipped="0" failed="0" ignored="2" total="3" passed="1">
  <reporter-output>
  </reporter-output>
  <suite name="Default suite" duration-ms="224130" started-at="2020-01-14T17:56:48 SGT" finished-at="2020-01-14T18:00:32 SGT">
    <groups>
    </groups>
    <test name="Default test" duration-ms="224130" started-at="2020-01-14T17:56:48 SGT" finished-at="2020-01-14T18:00:32 SGT">
      <class name="bluAndroid.bluAndroid.TestScripts.CreateBookingRequestTestRunner">
        <test-method status="PASS" signature="SetUp()[pri:0, instance:bluAndroid.bluAndroid.TestScripts.CreateBookingRequestTestRunner@7cbd213e]" name="SetUp" is-config="true" duration-ms="164" started-at="2020-01-14T17:56:47 SGT" finished-at="2020-01-14T17:56:48 SGT">
          <reporter-output>
          </reporter-output>
        </test-method> <!-- SetUp -->
        <test-method status="PASS" signature="preCondition()[pri:0, instance:bluAndroid.bluAndroid.TestScripts.CreateBookingRequestTestRunner@7cbd213e]" name="preCondition" is-config="true" duration-ms="94293" started-at="2020-01-14T17:56:48 SGT" finished-at="2020-01-14T17:58:22 SGT">
          <reporter-output>
          </reporter-output>
        </test-method> <!-- preCondition -->
        <test-method status="PASS" signature="clickOnParcels()[pri:0, instance:bluAndroid.bluAndroid.TestScripts.CreateBookingRequestTestRunner@7cbd213e]" name="clickOnParcels" duration-ms="128022" started-at="2020-01-14T17:58:22 SGT" finished-at="2020-01-14T18:00:30 SGT">
          <reporter-output>
          </reporter-output>
        </test-method> <!-- clickOnParcels -->
        <test-method status="PASS" signature="getResult(org.testng.ITestResult)[pri:0, instance:bluAndroid.bluAndroid.TestScripts.CreateBookingRequestTestRunner@7cbd213e]" name="getResult" is-config="true" duration-ms="1785" started-at="2020-01-14T18:00:30 SGT" finished-at="2020-01-14T18:00:32 SGT">
          <params>
            <param index="0">
              <value>
                <![CDATA[[TestResult name=clickOnParcels status=SUCCESS method=CreateBookingRequestTestRunner.clickOnParcels()[pri:0, instance:bluAndroid.bluAndroid.TestScripts.CreateBookingRequestTestRunner@7cbd213e] output={null}]]]>
              </value>
            </param>
          </params>
          <reporter-output>
          </reporter-output>
        </test-method> <!-- getResult -->
        <test-method status="PASS" signature="tearDown()[pri:0, instance:bluAndroid.bluAndroid.TestScripts.CreateBookingRequestTestRunner@7cbd213e]" name="tearDown" is-config="true" duration-ms="415" started-at="2020-01-14T18:00:32 SGT" finished-at="2020-01-14T18:00:32 SGT">
          <reporter-output>
          </reporter-output>
        </test-method> <!-- tearDown -->
      </class> <!-- bluAndroid.bluAndroid.TestScripts.CreateBookingRequestTestRunner -->
    </test> <!-- Default test -->
  </suite> <!-- Default suite -->
</testng-results>
