<?xml version="1.0" encoding="UTF-8"?>
<testng-results skipped="0" failed="0" ignored="5" total="6" passed="1">
  <reporter-output>
  </reporter-output>
  <suite name="Default suite" duration-ms="84395" started-at="2020-01-21T18:17:48 SGT" finished-at="2020-01-21T18:19:13 SGT">
    <groups>
    </groups>
    <test name="Default test" duration-ms="84395" started-at="2020-01-21T18:17:48 SGT" finished-at="2020-01-21T18:19:13 SGT">
      <class name="bluAndroid.bluAndroid.TestScripts.WalletTestRunner">
        <test-method status="PASS" signature="SetUp()[pri:0, instance:bluAndroid.bluAndroid.TestScripts.WalletTestRunner@7cbd213e]" name="SetUp" is-config="true" duration-ms="179" started-at="2020-01-21T18:17:48 SGT" finished-at="2020-01-21T18:17:48 SGT">
          <reporter-output>
          </reporter-output>
        </test-method> <!-- SetUp -->
        <test-method status="PASS" signature="preCondition()[pri:0, instance:bluAndroid.bluAndroid.TestScripts.WalletTestRunner@7cbd213e]" name="preCondition" is-config="true" duration-ms="46575" started-at="2020-01-21T18:17:48 SGT" finished-at="2020-01-21T18:18:35 SGT">
          <reporter-output>
          </reporter-output>
        </test-method> <!-- preCondition -->
        <test-method status="PASS" signature="F_S01_TC01_topUpWallet()[pri:0, instance:bluAndroid.bluAndroid.TestScripts.WalletTestRunner@7cbd213e]" name="F_S01_TC01_topUpWallet" duration-ms="35737" started-at="2020-01-21T18:18:35 SGT" finished-at="2020-01-21T18:19:11 SGT">
          <reporter-output>
          </reporter-output>
        </test-method> <!-- F_S01_TC01_topUpWallet -->
        <test-method status="PASS" signature="getResult(org.testng.ITestResult)[pri:0, instance:bluAndroid.bluAndroid.TestScripts.WalletTestRunner@7cbd213e]" name="getResult" is-config="true" duration-ms="2049" started-at="2020-01-21T18:19:11 SGT" finished-at="2020-01-21T18:19:13 SGT">
          <params>
            <param index="0">
              <value>
                <![CDATA[[TestResult name=F_S01_TC01_topUpWallet status=SUCCESS method=WalletTestRunner.F_S01_TC01_topUpWallet()[pri:0, instance:bluAndroid.bluAndroid.TestScripts.WalletTestRunner@7cbd213e] output={null}]]]>
              </value>
            </param>
          </params>
          <reporter-output>
          </reporter-output>
        </test-method> <!-- getResult -->
        <test-method status="PASS" signature="tearDown()[pri:0, instance:bluAndroid.bluAndroid.TestScripts.WalletTestRunner@7cbd213e]" name="tearDown" is-config="true" duration-ms="479" started-at="2020-01-21T18:19:13 SGT" finished-at="2020-01-21T18:19:13 SGT">
          <reporter-output>
          </reporter-output>
        </test-method> <!-- tearDown -->
      </class> <!-- bluAndroid.bluAndroid.TestScripts.WalletTestRunner -->
    </test> <!-- Default test -->
  </suite> <!-- Default suite -->
</testng-results>
