<?xml version="1.0" encoding="UTF-8"?>
<testng-results skipped="0" failed="0" ignored="1" total="2" passed="1">
  <reporter-output>
  </reporter-output>
  <suite name="Default suite" duration-ms="226675" started-at="2020-01-17T10:57:42 SGT" finished-at="2020-01-17T11:01:29 SGT">
    <groups>
    </groups>
    <test name="Default test" duration-ms="226675" started-at="2020-01-17T10:57:42 SGT" finished-at="2020-01-17T11:01:29 SGT">
      <class name="bluAndroid.bluAndroid.TestScripts.CreateBookingViaRequestTestRunner">
        <test-method status="PASS" signature="SetUp()[pri:0, instance:bluAndroid.bluAndroid.TestScripts.CreateBookingViaRequestTestRunner@7cbd213e]" name="SetUp" is-config="true" duration-ms="133" started-at="2020-01-17T10:57:42 SGT" finished-at="2020-01-17T10:57:42 SGT">
          <reporter-output>
          </reporter-output>
        </test-method> <!-- SetUp -->
        <test-method status="PASS" signature="preCondition()[pri:0, instance:bluAndroid.bluAndroid.TestScripts.CreateBookingViaRequestTestRunner@7cbd213e]" name="preCondition" is-config="true" duration-ms="44717" started-at="2020-01-17T10:57:42 SGT" finished-at="2020-01-17T10:58:27 SGT">
          <reporter-output>
          </reporter-output>
        </test-method> <!-- preCondition -->
        <test-method status="PASS" signature="B_S15_TC01_MakeBookingViaRequest()[pri:0, instance:bluAndroid.bluAndroid.TestScripts.CreateBookingViaRequestTestRunner@7cbd213e]" name="B_S15_TC01_MakeBookingViaRequest" duration-ms="179945" started-at="2020-01-17T10:58:27 SGT" finished-at="2020-01-17T11:01:27 SGT">
          <reporter-output>
          </reporter-output>
        </test-method> <!-- B_S15_TC01_MakeBookingViaRequest -->
        <test-method status="PASS" signature="getResult(org.testng.ITestResult)[pri:0, instance:bluAndroid.bluAndroid.TestScripts.CreateBookingViaRequestTestRunner@7cbd213e]" name="getResult" is-config="true" duration-ms="1981" started-at="2020-01-17T11:01:27 SGT" finished-at="2020-01-17T11:01:29 SGT">
          <params>
            <param index="0">
              <value>
                <![CDATA[[TestResult name=B_S15_TC01_MakeBookingViaRequest status=SUCCESS method=CreateBookingViaRequestTestRunner.B_S15_TC01_MakeBookingViaRequest()[pri:0, instance:bluAndroid.bluAndroid.TestScripts.CreateBookingViaRequestTestRunner@7cbd213e] output={null}]]]>
              </value>
            </param>
          </params>
          <reporter-output>
          </reporter-output>
        </test-method> <!-- getResult -->
        <test-method status="PASS" signature="tearDown()[pri:0, instance:bluAndroid.bluAndroid.TestScripts.CreateBookingViaRequestTestRunner@7cbd213e]" name="tearDown" is-config="true" duration-ms="462" started-at="2020-01-17T11:01:29 SGT" finished-at="2020-01-17T11:01:30 SGT">
          <reporter-output>
          </reporter-output>
        </test-method> <!-- tearDown -->
      </class> <!-- bluAndroid.bluAndroid.TestScripts.CreateBookingViaRequestTestRunner -->
    </test> <!-- Default test -->
  </suite> <!-- Default suite -->
</testng-results>
