<?xml version="1.0" encoding="UTF-8"?>
<testng-results skipped="0" failed="0" ignored="4" total="5" passed="1">
  <reporter-output>
  </reporter-output>
  <suite name="Default suite" duration-ms="60934" started-at="2020-01-17T17:38:35 SGT" finished-at="2020-01-17T17:39:36 SGT">
    <groups>
    </groups>
    <test name="Default test" duration-ms="60934" started-at="2020-01-17T17:38:35 SGT" finished-at="2020-01-17T17:39:36 SGT">
      <class name="bluAndroid.bluAndroid.TestScripts.RewardsTestRunner">
        <test-method status="PASS" signature="SetUp()[pri:0, instance:bluAndroid.bluAndroid.TestScripts.RewardsTestRunner@52f759d7]" name="SetUp" is-config="true" duration-ms="130" started-at="2020-01-17T17:38:35 SGT" finished-at="2020-01-17T17:38:35 SGT">
          <reporter-output>
          </reporter-output>
        </test-method> <!-- SetUp -->
        <test-method status="PASS" signature="preCondition()[pri:0, instance:bluAndroid.bluAndroid.TestScripts.RewardsTestRunner@52f759d7]" name="preCondition" is-config="true" duration-ms="44775" started-at="2020-01-17T17:38:35 SGT" finished-at="2020-01-17T17:39:20 SGT">
          <reporter-output>
          </reporter-output>
        </test-method> <!-- preCondition -->
        <test-method status="PASS" signature="G_S06_TC05_promoCode()[pri:0, instance:bluAndroid.bluAndroid.TestScripts.RewardsTestRunner@52f759d7]" name="G_S06_TC05_promoCode" duration-ms="16130" started-at="2020-01-17T17:39:20 SGT" finished-at="2020-01-17T17:39:36 SGT">
          <reporter-output>
          </reporter-output>
        </test-method> <!-- G_S06_TC05_promoCode -->
        <test-method status="PASS" signature="tearDown()[pri:0, instance:bluAndroid.bluAndroid.TestScripts.RewardsTestRunner@52f759d7]" name="tearDown" is-config="true" duration-ms="410" started-at="2020-01-17T17:39:36 SGT" finished-at="2020-01-17T17:39:37 SGT">
          <reporter-output>
          </reporter-output>
        </test-method> <!-- tearDown -->
      </class> <!-- bluAndroid.bluAndroid.TestScripts.RewardsTestRunner -->
    </test> <!-- Default test -->
  </suite> <!-- Default suite -->
</testng-results>
