<?xml version="1.0" encoding="UTF-8"?>
<!-- Generated by org.testng.reporters.JUnitXMLReporter -->
<testsuite hostname="BLU-LP-00004" ignored="5" name="Default test" tests="1" failures="0" timestamp="2020-01-23T10:53:51 SGT" time="49.72" errors="0">
  <testcase name="tc06_deactivateAccount" time="10.837" classname="bluAndroid.bluAndroid.TestScripts.LogoutTestRunner"/>
  <testcase name="tc01_logout" time="0.0" classname="bluAndroid.bluAndroid.TestScripts.LogoutTestRunner">
    <ignored/>
  </testcase> <!-- tc01_logout -->
  <testcase name="tc02_resetPassword" time="0.0" classname="bluAndroid.bluAndroid.TestScripts.LogoutTestRunner">
    <ignored/>
  </testcase> <!-- tc02_resetPassword -->
  <testcase name="tc05_Invalidpassword" time="0.0" classname="bluAndroid.bluAndroid.TestScripts.LogoutTestRunner">
    <ignored/>
  </testcase> <!-- tc05_Invalidpassword -->
  <testcase name="tc03_resetPasswordErrorWhenActorhasNotProvidedAnythingAndClicksOnSubmit" time="0.0" classname="bluAndroid.bluAndroid.TestScripts.LogoutTestRunner">
    <ignored/>
  </testcase> <!-- tc03_resetPasswordErrorWhenActorhasNotProvidedAnythingAndClicksOnSubmit -->
  <testcase name="tc04_NonMatchingPassword" time="0.0" classname="bluAndroid.bluAndroid.TestScripts.LogoutTestRunner">
    <ignored/>
  </testcase> <!-- tc04_NonMatchingPassword -->
</testsuite> <!-- Default test -->
