<?xml version="1.0" encoding="UTF-8"?>
<!-- Generated by org.testng.reporters.JUnitXMLReporter -->
<testsuite hostname="BLU-LP-00004" ignored="4" name="Default test" tests="1" failures="0" timestamp="2020-01-17T17:39:36 SGT" time="60.934" errors="0">
  <testcase name="G_S06_TC05_promoCode" time="16.13" classname="bluAndroid.bluAndroid.TestScripts.RewardsTestRunner"/>
  <testcase name="G_S06_TC01_redeemRewardWithCredits" time="0.0" classname="bluAndroid.bluAndroid.TestScripts.RewardsTestRunner">
    <ignored/>
  </testcase> <!-- G_S06_TC01_redeemRewardWithCredits -->
  <testcase name="G_S06_TC03_redeemRewardWithPointsAndCredits" time="0.0" classname="bluAndroid.bluAndroid.TestScripts.RewardsTestRunner">
    <ignored/>
  </testcase> <!-- G_S06_TC03_redeemRewardWithPointsAndCredits -->
  <testcase name="G_S06_TC04_redeemPhysicalReward" time="0.0" classname="bluAndroid.bluAndroid.TestScripts.RewardsTestRunner">
    <ignored/>
  </testcase> <!-- G_S06_TC04_redeemPhysicalReward -->
  <testcase name="G_S06_TC02_redeemRewardWithPoints" time="0.0" classname="bluAndroid.bluAndroid.TestScripts.RewardsTestRunner">
    <ignored/>
  </testcase> <!-- G_S06_TC02_redeemRewardWithPoints -->
</testsuite> <!-- Default test -->
