<?xml version="1.0" encoding="UTF-8"?>
<!-- Generated by org.testng.reporters.JUnitXMLReporter -->
<testsuite hostname="BLU-LP-00004" ignored="24" name="order" tests="95" failures="19" timestamp="2020-01-20T20:06:06 SGT" time="6044.344" errors="0">
  <testcase name="@BeforeMethod preCondition" time="47.337" classname="bluAndroid.bluAndroid.TestScripts.SavedLocationsTestRunner">
    <failure type="org.openqa.selenium.SessionNotCreatedException" message="Unable to create a new remote session. Please check the server log for more details. Original error: An unknown server-side error occurred while processing the command. Original error: Cannot start the &amp;apos;sg.com.blu.android.uat&amp;apos; application. Visit https://github.com/appium/appium/blob/master/docs/en/writing-running-appium/android/activity-startup.md for troubleshooting. Original error: Error executing adbExec. Original error: &amp;apos;Command &amp;apos;C\:\\Users\\urvashi\\AppData\\Local\\Android\\Sdk\\platform-tools\\adb.exe -P 5037 -s ce031713d5fad93001 shell am start -W -n sg.com.blu.android.uat/sg.com.blu.android.features.account.SplashActivity -S&amp;apos; timed out after 20000ms&amp;apos;. Try to increase the 20000ms adb execution timeout represented by &amp;apos;adbExecTimeout&amp;apos; capability
Build info: version: &amp;apos;3.141.59&amp;apos;, revision: &amp;apos;e82be7d358&amp;apos;, time: &amp;apos;2018-11-14T08:17:03&amp;apos;
System info: host: &amp;apos;BLU-LP-00004&amp;apos;, ip: &amp;apos;192.168.0.124&amp;apos;, os.name: &amp;apos;Windows 10&amp;apos;, os.arch: &amp;apos;amd64&amp;apos;, os.version: &amp;apos;10.0&amp;apos;, java.version: &amp;apos;1.8.0_221&amp;apos;
Driver info: driver.version: AndroidDriver
remote stacktrace: UnknownError: An unknown server-side error occurred while processing the command. Original error: Cannot start the &amp;apos;sg.com.blu.android.uat&amp;apos; application. Visit https://github.com/appium/appium/blob/master/docs/en/writing-running-appium/android/activity-startup.md for troubleshooting. Original error: Error executing adbExec. Original error: &amp;apos;Command &amp;apos;C\:\\Users\\urvashi\\AppData\\Local\\Android\\Sdk\\platform-tools\\adb.exe -P 5037 -s ce031713d5fad93001 shell am start -W -n sg.com.blu.android.uat/sg.com.blu.android.features.account.SplashActivity -S&amp;apos; timed out after 20000ms&amp;apos;. Try to increase the 20000ms adb execution timeout represented by &amp;apos;adbExecTimeout&amp;apos; capability
    at getResponseForW3CError (C:\Users\urvashi\AppData\Local\Programs\Appium\resources\app\node_modules\appium\node_modules\appium-base-driver\lib\protocol\errors.js:826:9)
    at asyncHandler (C:\Users\urvashi\AppData\Local\Programs\Appium\resources\app\node_modules\appium\node_modules\appium-base-driver\lib\protocol\protocol.js:447:37)
    at process._tickCallback (internal/process/next_tick.js:68:7)
Build info: version: &amp;apos;3.141.59&amp;apos;, revision: &amp;apos;e82be7d358&amp;apos;, time: &amp;apos;2018-11-14T08:17:03&amp;apos;
System info: host: &amp;apos;BLU-LP-00004&amp;apos;, ip: &amp;apos;192.168.0.124&amp;apos;, os.name: &amp;apos;Windows 10&amp;apos;, os.arch: &amp;apos;amd64&amp;apos;, os.version: &amp;apos;10.0&amp;apos;, java.version: &amp;apos;1.8.0_221&amp;apos;
Driver info: driver.version: AndroidDriver">
      <![CDATA[org.openqa.selenium.SessionNotCreatedException: Unable to create a new remote session. Please check the server log for more details. Original error: An unknown server-side error occurred while processing the command. Original error: Cannot start the 'sg.com.blu.android.uat' application. Visit https://github.com/appium/appium/blob/master/docs/en/writing-running-appium/android/activity-startup.md for troubleshooting. Original error: Error executing adbExec. Original error: 'Command 'C\:\\Users\\urvashi\\AppData\\Local\\Android\\Sdk\\platform-tools\\adb.exe -P 5037 -s ce031713d5fad93001 shell am start -W -n sg.com.blu.android.uat/sg.com.blu.android.features.account.SplashActivity -S' timed out after 20000ms'. Try to increase the 20000ms adb execution timeout represented by 'adbExecTimeout' capability
Build info: version: '3.141.59', revision: 'e82be7d358', time: '2018-11-14T08:17:03'
System info: host: 'BLU-LP-00004', ip: '192.168.0.124', os.name: 'Windows 10', os.arch: 'amd64', os.version: '10.0', java.version: '1.8.0_221'
Driver info: driver.version: AndroidDriver
remote stacktrace: UnknownError: An unknown server-side error occurred while processing the command. Original error: Cannot start the 'sg.com.blu.android.uat' application. Visit https://github.com/appium/appium/blob/master/docs/en/writing-running-appium/android/activity-startup.md for troubleshooting. Original error: Error executing adbExec. Original error: 'Command 'C\:\\Users\\urvashi\\AppData\\Local\\Android\\Sdk\\platform-tools\\adb.exe -P 5037 -s ce031713d5fad93001 shell am start -W -n sg.com.blu.android.uat/sg.com.blu.android.features.account.SplashActivity -S' timed out after 20000ms'. Try to increase the 20000ms adb execution timeout represented by 'adbExecTimeout' capability
    at getResponseForW3CError (C:\Users\urvashi\AppData\Local\Programs\Appium\resources\app\node_modules\appium\node_modules\appium-base-driver\lib\protocol\errors.js:826:9)
    at asyncHandler (C:\Users\urvashi\AppData\Local\Programs\Appium\resources\app\node_modules\appium\node_modules\appium-base-driver\lib\protocol\protocol.js:447:37)
    at process._tickCallback (internal/process/next_tick.js:68:7)
Build info: version: '3.141.59', revision: 'e82be7d358', time: '2018-11-14T08:17:03'
System info: host: 'BLU-LP-00004', ip: '192.168.0.124', os.name: 'Windows 10', os.arch: 'amd64', os.version: '10.0', java.version: '1.8.0_221'
Driver info: driver.version: AndroidDriver
at io.appium.java_client.remote.AppiumCommandExecutor$1.createSession(AppiumCommandExecutor.java:208)
at io.appium.java_client.remote.AppiumCommandExecutor.createSession(AppiumCommandExecutor.java:217)
at io.appium.java_client.remote.AppiumCommandExecutor.execute(AppiumCommandExecutor.java:239)
at org.openqa.selenium.remote.RemoteWebDriver.execute(RemoteWebDriver.java:552)
at io.appium.java_client.DefaultGenericMobileDriver.execute(DefaultGenericMobileDriver.java:41)
at io.appium.java_client.AppiumDriver.execute(AppiumDriver.java:1)
at io.appium.java_client.android.AndroidDriver.execute(AndroidDriver.java:1)
at org.openqa.selenium.remote.RemoteWebDriver.startSession(RemoteWebDriver.java:213)
at io.appium.java_client.AppiumDriver.startSession(AppiumDriver.java:336)
at org.openqa.selenium.remote.RemoteWebDriver.<init>(RemoteWebDriver.java:131)
at io.appium.java_client.DefaultGenericMobileDriver.<init>(DefaultGenericMobileDriver.java:37)
at io.appium.java_client.AppiumDriver.<init>(AppiumDriver.java:88)
at io.appium.java_client.AppiumDriver.<init>(AppiumDriver.java:98)
at io.appium.java_client.android.AndroidDriver.<init>(AndroidDriver.java:94)
at bluAndroid.bluAndroid.util.BaseClass.getAppCapabilities(BaseClass.java:39)
at bluAndroid.bluAndroid.TestScripts.SavedLocationsTestRunner.preCondition(SavedLocationsTestRunner.java:48)
at java.util.ArrayList.forEach(Unknown Source)
at io.appium.java_client.remote.AppiumCommandExecutor$1.createSession(AppiumCommandExecutor.java:186)
... 47 more
Caused by: org.openqa.selenium.WebDriverException: An unknown server-side error occurred while processing the command. Original error: Cannot start the 'sg.com.blu.android.uat' application. Visit https://github.com/appium/appium/blob/master/docs/en/writing-running-appium/android/activity-startup.md for troubleshooting. Original error: Error executing adbExec. Original error: 'Command 'C\:\\Users\\urvashi\\AppData\\Local\\Android\\Sdk\\platform-tools\\adb.exe -P 5037 -s ce031713d5fad93001 shell am start -W -n sg.com.blu.android.uat/sg.com.blu.android.features.account.SplashActivity -S' timed out after 20000ms'. Try to increase the 20000ms adb execution timeout represented by 'adbExecTimeout' capability
Build info: version: '3.141.59', revision: 'e82be7d358', time: '2018-11-14T08:17:03'
System info: host: 'BLU-LP-00004', ip: '192.168.0.124', os.name: 'Windows 10', os.arch: 'amd64', os.version: '10.0', java.version: '1.8.0_221'
Driver info: driver.version: AndroidDriver
remote stacktrace: UnknownError: An unknown server-side error occurred while processing the command. Original error: Cannot start the 'sg.com.blu.android.uat' application. Visit https://github.com/appium/appium/blob/master/docs/en/writing-running-appium/android/activity-startup.md for troubleshooting. Original error: Error executing adbExec. Original error: 'Command 'C\:\\Users\\urvashi\\AppData\\Local\\Android\\Sdk\\platform-tools\\adb.exe -P 5037 -s ce031713d5fad93001 shell am start -W -n sg.com.blu.android.uat/sg.com.blu.android.features.account.SplashActivity -S' timed out after 20000ms'. Try to increase the 20000ms adb execution timeout represented by 'adbExecTimeout' capability
    at getResponseForW3CError (C:\Users\urvashi\AppData\Local\Programs\Appium\resources\app\node_modules\appium\node_modules\appium-base-driver\lib\protocol\errors.js:826:9)
    at asyncHandler (C:\Users\urvashi\AppData\Local\Programs\Appium\resources\app\node_modules\appium\node_modules\appium-base-driver\lib\protocol\protocol.js:447:37)
    at process._tickCallback (internal/process/next_tick.js:68:7)
at org.openqa.selenium.remote.W3CHandshakeResponse.lambda$errorHandler$0(W3CHandshakeResponse.java:62)
at org.openqa.selenium.remote.HandshakeResponse.lambda$getResponseFunction$0(HandshakeResponse.java:30)
at org.openqa.selenium.remote.ProtocolHandshake.lambda$createSession$0(ProtocolHandshake.java:126)
at java.util.stream.ReferencePipeline$3$1.accept(Unknown Source)
at java.util.Spliterators$ArraySpliterator.tryAdvance(Unknown Source)
at java.util.stream.ReferencePipeline.forEachWithCancel(Unknown Source)
at java.util.stream.AbstractPipeline.copyIntoWithCancel(Unknown Source)
at java.util.stream.AbstractPipeline.copyInto(Unknown Source)
at java.util.stream.AbstractPipeline.wrapAndCopyInto(Unknown Source)
at java.util.stream.FindOps$FindOp.evaluateSequential(Unknown Source)
at java.util.stream.AbstractPipeline.evaluate(Unknown Source)
at java.util.stream.ReferencePipeline.findFirst(Unknown Source)
at org.openqa.selenium.remote.ProtocolHandshake.createSession(ProtocolHandshake.java:128)
... 51 more
... Removed 39 stack frames]]>
    </failure>
  </testcase> <!-- @BeforeMethod preCondition -->
  <testcase name="@AfterMethod getResult" time="-1.579521735732E9" classname="bluAndroid.bluAndroid.TestScripts.SavedLocationsTestRunner">
    <skipped/>
  </testcase> <!-- @AfterMethod getResult -->
  <testcase name="@BeforeMethod preCondition" time="46.382" classname="bluAndroid.bluAndroid.TestScripts.CreateBookingTestRunner">
    <failure type="org.openqa.selenium.SessionNotCreatedException" message="Unable to create a new remote session. Please check the server log for more details. Original error: An unknown server-side error occurred while processing the command. Original error: Cannot start the &amp;apos;sg.com.blu.android.uat&amp;apos; application. Visit https://github.com/appium/appium/blob/master/docs/en/writing-running-appium/android/activity-startup.md for troubleshooting. Original error: Error executing adbExec. Original error: &amp;apos;Command &amp;apos;C\:\\Users\\urvashi\\AppData\\Local\\Android\\Sdk\\platform-tools\\adb.exe -P 5037 -s ce031713d5fad93001 shell am start -W -n sg.com.blu.android.uat/sg.com.blu.android.features.account.SplashActivity -S&amp;apos; timed out after 20000ms&amp;apos;. Try to increase the 20000ms adb execution timeout represented by &amp;apos;adbExecTimeout&amp;apos; capability
Build info: version: &amp;apos;3.141.59&amp;apos;, revision: &amp;apos;e82be7d358&amp;apos;, time: &amp;apos;2018-11-14T08:17:03&amp;apos;
System info: host: &amp;apos;BLU-LP-00004&amp;apos;, ip: &amp;apos;192.168.0.124&amp;apos;, os.name: &amp;apos;Windows 10&amp;apos;, os.arch: &amp;apos;amd64&amp;apos;, os.version: &amp;apos;10.0&amp;apos;, java.version: &amp;apos;1.8.0_221&amp;apos;
Driver info: driver.version: AndroidDriver
remote stacktrace: UnknownError: An unknown server-side error occurred while processing the command. Original error: Cannot start the &amp;apos;sg.com.blu.android.uat&amp;apos; application. Visit https://github.com/appium/appium/blob/master/docs/en/writing-running-appium/android/activity-startup.md for troubleshooting. Original error: Error executing adbExec. Original error: &amp;apos;Command &amp;apos;C\:\\Users\\urvashi\\AppData\\Local\\Android\\Sdk\\platform-tools\\adb.exe -P 5037 -s ce031713d5fad93001 shell am start -W -n sg.com.blu.android.uat/sg.com.blu.android.features.account.SplashActivity -S&amp;apos; timed out after 20000ms&amp;apos;. Try to increase the 20000ms adb execution timeout represented by &amp;apos;adbExecTimeout&amp;apos; capability
    at getResponseForW3CError (C:\Users\urvashi\AppData\Local\Programs\Appium\resources\app\node_modules\appium\node_modules\appium-base-driver\lib\protocol\errors.js:826:9)
    at asyncHandler (C:\Users\urvashi\AppData\Local\Programs\Appium\resources\app\node_modules\appium\node_modules\appium-base-driver\lib\protocol\protocol.js:447:37)
    at process._tickCallback (internal/process/next_tick.js:68:7)
Build info: version: &amp;apos;3.141.59&amp;apos;, revision: &amp;apos;e82be7d358&amp;apos;, time: &amp;apos;2018-11-14T08:17:03&amp;apos;
System info: host: &amp;apos;BLU-LP-00004&amp;apos;, ip: &amp;apos;192.168.0.124&amp;apos;, os.name: &amp;apos;Windows 10&amp;apos;, os.arch: &amp;apos;amd64&amp;apos;, os.version: &amp;apos;10.0&amp;apos;, java.version: &amp;apos;1.8.0_221&amp;apos;
Driver info: driver.version: AndroidDriver">
      <![CDATA[org.openqa.selenium.SessionNotCreatedException: Unable to create a new remote session. Please check the server log for more details. Original error: An unknown server-side error occurred while processing the command. Original error: Cannot start the 'sg.com.blu.android.uat' application. Visit https://github.com/appium/appium/blob/master/docs/en/writing-running-appium/android/activity-startup.md for troubleshooting. Original error: Error executing adbExec. Original error: 'Command 'C\:\\Users\\urvashi\\AppData\\Local\\Android\\Sdk\\platform-tools\\adb.exe -P 5037 -s ce031713d5fad93001 shell am start -W -n sg.com.blu.android.uat/sg.com.blu.android.features.account.SplashActivity -S' timed out after 20000ms'. Try to increase the 20000ms adb execution timeout represented by 'adbExecTimeout' capability
Build info: version: '3.141.59', revision: 'e82be7d358', time: '2018-11-14T08:17:03'
System info: host: 'BLU-LP-00004', ip: '192.168.0.124', os.name: 'Windows 10', os.arch: 'amd64', os.version: '10.0', java.version: '1.8.0_221'
Driver info: driver.version: AndroidDriver
remote stacktrace: UnknownError: An unknown server-side error occurred while processing the command. Original error: Cannot start the 'sg.com.blu.android.uat' application. Visit https://github.com/appium/appium/blob/master/docs/en/writing-running-appium/android/activity-startup.md for troubleshooting. Original error: Error executing adbExec. Original error: 'Command 'C\:\\Users\\urvashi\\AppData\\Local\\Android\\Sdk\\platform-tools\\adb.exe -P 5037 -s ce031713d5fad93001 shell am start -W -n sg.com.blu.android.uat/sg.com.blu.android.features.account.SplashActivity -S' timed out after 20000ms'. Try to increase the 20000ms adb execution timeout represented by 'adbExecTimeout' capability
    at getResponseForW3CError (C:\Users\urvashi\AppData\Local\Programs\Appium\resources\app\node_modules\appium\node_modules\appium-base-driver\lib\protocol\errors.js:826:9)
    at asyncHandler (C:\Users\urvashi\AppData\Local\Programs\Appium\resources\app\node_modules\appium\node_modules\appium-base-driver\lib\protocol\protocol.js:447:37)
    at process._tickCallback (internal/process/next_tick.js:68:7)
Build info: version: '3.141.59', revision: 'e82be7d358', time: '2018-11-14T08:17:03'
System info: host: 'BLU-LP-00004', ip: '192.168.0.124', os.name: 'Windows 10', os.arch: 'amd64', os.version: '10.0', java.version: '1.8.0_221'
Driver info: driver.version: AndroidDriver
at io.appium.java_client.remote.AppiumCommandExecutor$1.createSession(AppiumCommandExecutor.java:208)
at io.appium.java_client.remote.AppiumCommandExecutor.createSession(AppiumCommandExecutor.java:217)
at io.appium.java_client.remote.AppiumCommandExecutor.execute(AppiumCommandExecutor.java:239)
at org.openqa.selenium.remote.RemoteWebDriver.execute(RemoteWebDriver.java:552)
at io.appium.java_client.DefaultGenericMobileDriver.execute(DefaultGenericMobileDriver.java:41)
at io.appium.java_client.AppiumDriver.execute(AppiumDriver.java:1)
at io.appium.java_client.android.AndroidDriver.execute(AndroidDriver.java:1)
at org.openqa.selenium.remote.RemoteWebDriver.startSession(RemoteWebDriver.java:213)
at io.appium.java_client.AppiumDriver.startSession(AppiumDriver.java:336)
at org.openqa.selenium.remote.RemoteWebDriver.<init>(RemoteWebDriver.java:131)
at io.appium.java_client.DefaultGenericMobileDriver.<init>(DefaultGenericMobileDriver.java:37)
at io.appium.java_client.AppiumDriver.<init>(AppiumDriver.java:88)
at io.appium.java_client.AppiumDriver.<init>(AppiumDriver.java:98)
at io.appium.java_client.android.AndroidDriver.<init>(AndroidDriver.java:94)
at bluAndroid.bluAndroid.util.BaseClass.getAppCapabilities(BaseClass.java:39)
at bluAndroid.bluAndroid.TestScripts.CreateBookingTestRunner.preCondition(CreateBookingTestRunner.java:67)
at java.util.ArrayList.forEach(Unknown Source)
at io.appium.java_client.remote.AppiumCommandExecutor$1.createSession(AppiumCommandExecutor.java:186)
... 47 more
Caused by: org.openqa.selenium.WebDriverException: An unknown server-side error occurred while processing the command. Original error: Cannot start the 'sg.com.blu.android.uat' application. Visit https://github.com/appium/appium/blob/master/docs/en/writing-running-appium/android/activity-startup.md for troubleshooting. Original error: Error executing adbExec. Original error: 'Command 'C\:\\Users\\urvashi\\AppData\\Local\\Android\\Sdk\\platform-tools\\adb.exe -P 5037 -s ce031713d5fad93001 shell am start -W -n sg.com.blu.android.uat/sg.com.blu.android.features.account.SplashActivity -S' timed out after 20000ms'. Try to increase the 20000ms adb execution timeout represented by 'adbExecTimeout' capability
Build info: version: '3.141.59', revision: 'e82be7d358', time: '2018-11-14T08:17:03'
System info: host: 'BLU-LP-00004', ip: '192.168.0.124', os.name: 'Windows 10', os.arch: 'amd64', os.version: '10.0', java.version: '1.8.0_221'
Driver info: driver.version: AndroidDriver
remote stacktrace: UnknownError: An unknown server-side error occurred while processing the command. Original error: Cannot start the 'sg.com.blu.android.uat' application. Visit https://github.com/appium/appium/blob/master/docs/en/writing-running-appium/android/activity-startup.md for troubleshooting. Original error: Error executing adbExec. Original error: 'Command 'C\:\\Users\\urvashi\\AppData\\Local\\Android\\Sdk\\platform-tools\\adb.exe -P 5037 -s ce031713d5fad93001 shell am start -W -n sg.com.blu.android.uat/sg.com.blu.android.features.account.SplashActivity -S' timed out after 20000ms'. Try to increase the 20000ms adb execution timeout represented by 'adbExecTimeout' capability
    at getResponseForW3CError (C:\Users\urvashi\AppData\Local\Programs\Appium\resources\app\node_modules\appium\node_modules\appium-base-driver\lib\protocol\errors.js:826:9)
    at asyncHandler (C:\Users\urvashi\AppData\Local\Programs\Appium\resources\app\node_modules\appium\node_modules\appium-base-driver\lib\protocol\protocol.js:447:37)
    at process._tickCallback (internal/process/next_tick.js:68:7)
at org.openqa.selenium.remote.W3CHandshakeResponse.lambda$errorHandler$0(W3CHandshakeResponse.java:62)
at org.openqa.selenium.remote.HandshakeResponse.lambda$getResponseFunction$0(HandshakeResponse.java:30)
at org.openqa.selenium.remote.ProtocolHandshake.lambda$createSession$0(ProtocolHandshake.java:126)
at java.util.stream.ReferencePipeline$3$1.accept(Unknown Source)
at java.util.Spliterators$ArraySpliterator.tryAdvance(Unknown Source)
at java.util.stream.ReferencePipeline.forEachWithCancel(Unknown Source)
at java.util.stream.AbstractPipeline.copyIntoWithCancel(Unknown Source)
at java.util.stream.AbstractPipeline.copyInto(Unknown Source)
at java.util.stream.AbstractPipeline.wrapAndCopyInto(Unknown Source)
at java.util.stream.FindOps$FindOp.evaluateSequential(Unknown Source)
at java.util.stream.AbstractPipeline.evaluate(Unknown Source)
at java.util.stream.ReferencePipeline.findFirst(Unknown Source)
at org.openqa.selenium.remote.ProtocolHandshake.createSession(ProtocolHandshake.java:128)
... 51 more
... Removed 39 stack frames]]>
    </failure>
  </testcase> <!-- @BeforeMethod preCondition -->
  <testcase name="@AfterMethod getResult" time="-1.579521782119E9" classname="bluAndroid.bluAndroid.TestScripts.CreateBookingTestRunner">
    <skipped/>
  </testcase> <!-- @AfterMethod getResult -->
  <testcase name="@BeforeMethod preCondition" time="-1.57952178212E9" classname="bluAndroid.bluAndroid.TestScripts.CreateBookingTestRunner">
    <skipped/>
  </testcase> <!-- @BeforeMethod preCondition -->
  <testcase name="@AfterMethod getResult" time="-1.579521782124E9" classname="bluAndroid.bluAndroid.TestScripts.CreateBookingTestRunner">
    <skipped/>
  </testcase> <!-- @AfterMethod getResult -->
  <testcase name="@BeforeMethod preCondition" time="-1.579521782124E9" classname="bluAndroid.bluAndroid.TestScripts.CreateBookingTestRunner">
    <skipped/>
  </testcase> <!-- @BeforeMethod preCondition -->
  <testcase name="@AfterMethod getResult" time="-1.579521782128E9" classname="bluAndroid.bluAndroid.TestScripts.CreateBookingTestRunner">
    <skipped/>
  </testcase> <!-- @AfterMethod getResult -->
  <testcase name="@BeforeMethod preCondition" time="-1.579521782129E9" classname="bluAndroid.bluAndroid.TestScripts.CreateBookingTestRunner">
    <skipped/>
  </testcase> <!-- @BeforeMethod preCondition -->
  <testcase name="@AfterMethod getResult" time="-1.579521782133E9" classname="bluAndroid.bluAndroid.TestScripts.CreateBookingTestRunner">
    <skipped/>
  </testcase> <!-- @AfterMethod getResult -->
  <testcase name="@BeforeMethod preCondition" time="-1.579521782134E9" classname="bluAndroid.bluAndroid.TestScripts.CreateBookingTestRunner">
    <skipped/>
  </testcase> <!-- @BeforeMethod preCondition -->
  <testcase name="@AfterMethod getResult" time="-1.579521782137E9" classname="bluAndroid.bluAndroid.TestScripts.CreateBookingTestRunner">
    <skipped/>
  </testcase> <!-- @AfterMethod getResult -->
  <testcase name="@BeforeMethod preCondition" time="-1.579521782138E9" classname="bluAndroid.bluAndroid.TestScripts.CreateBookingTestRunner">
    <skipped/>
  </testcase> <!-- @BeforeMethod preCondition -->
  <testcase name="@AfterMethod getResult" time="-1.579521782142E9" classname="bluAndroid.bluAndroid.TestScripts.CreateBookingTestRunner">
    <skipped/>
  </testcase> <!-- @AfterMethod getResult -->
  <testcase name="@BeforeMethod preCondition" time="-1.579521782142E9" classname="bluAndroid.bluAndroid.TestScripts.CreateBookingTestRunner">
    <skipped/>
  </testcase> <!-- @BeforeMethod preCondition -->
  <testcase name="@AfterMethod getResult" time="-1.579521782146E9" classname="bluAndroid.bluAndroid.TestScripts.CreateBookingTestRunner">
    <skipped/>
  </testcase> <!-- @AfterMethod getResult -->
  <testcase name="@BeforeMethod preCondition" time="-1.579521782147E9" classname="bluAndroid.bluAndroid.TestScripts.CreateBookingTestRunner">
    <skipped/>
  </testcase> <!-- @BeforeMethod preCondition -->
  <testcase name="@AfterMethod getResult" time="-1.579521782154E9" classname="bluAndroid.bluAndroid.TestScripts.CreateBookingTestRunner">
    <skipped/>
  </testcase> <!-- @AfterMethod getResult -->
  <testcase name="@BeforeMethod preCondition" time="-1.57952178216E9" classname="bluAndroid.bluAndroid.TestScripts.CreateBookingTestRunner">
    <skipped/>
  </testcase> <!-- @BeforeMethod preCondition -->
  <testcase name="@AfterMethod getResult" time="-1.579521782165E9" classname="bluAndroid.bluAndroid.TestScripts.CreateBookingTestRunner">
    <skipped/>
  </testcase> <!-- @AfterMethod getResult -->
  <testcase name="@BeforeMethod preCondition" time="-1.579521782165E9" classname="bluAndroid.bluAndroid.TestScripts.CreateBookingTestRunner">
    <skipped/>
  </testcase> <!-- @BeforeMethod preCondition -->
  <testcase name="@AfterMethod getResult" time="-1.579521782165E9" classname="bluAndroid.bluAndroid.TestScripts.CreateBookingTestRunner">
    <skipped/>
  </testcase> <!-- @AfterMethod getResult -->
  <testcase name="@BeforeMethod preCondition" time="-1.579521782165E9" classname="bluAndroid.bluAndroid.TestScripts.CreateBookingTestRunner">
    <skipped/>
  </testcase> <!-- @BeforeMethod preCondition -->
  <testcase name="@AfterMethod getResult" time="-1.579521782181E9" classname="bluAndroid.bluAndroid.TestScripts.CreateBookingTestRunner">
    <skipped/>
  </testcase> <!-- @AfterMethod getResult -->
  <testcase name="@BeforeMethod preCondition" time="-1.579521782181E9" classname="bluAndroid.bluAndroid.TestScripts.CreateBookingTestRunner">
    <skipped/>
  </testcase> <!-- @BeforeMethod preCondition -->
  <testcase name="@AfterMethod getResult" time="-1.579521782181E9" classname="bluAndroid.bluAndroid.TestScripts.CreateBookingTestRunner">
    <skipped/>
  </testcase> <!-- @AfterMethod getResult -->
  <testcase name="@BeforeMethod preCondition" time="-1.579521782181E9" classname="bluAndroid.bluAndroid.TestScripts.CreateBookingTestRunner">
    <skipped/>
  </testcase> <!-- @BeforeMethod preCondition -->
  <testcase name="@AfterMethod getResult" time="-1.579521782196E9" classname="bluAndroid.bluAndroid.TestScripts.CreateBookingTestRunner">
    <skipped/>
  </testcase> <!-- @AfterMethod getResult -->
  <testcase name="@BeforeMethod preCondition" time="-1.579521782196E9" classname="bluAndroid.bluAndroid.TestScripts.CreateBookingTestRunner">
    <skipped/>
  </testcase> <!-- @BeforeMethod preCondition -->
  <testcase name="@AfterMethod getResult" time="-1.579521782196E9" classname="bluAndroid.bluAndroid.TestScripts.CreateBookingTestRunner">
    <skipped/>
  </testcase> <!-- @AfterMethod getResult -->
  <testcase name="@BeforeMethod preCondition" time="-1.579521782196E9" classname="bluAndroid.bluAndroid.TestScripts.CreateBookingTestRunner">
    <skipped/>
  </testcase> <!-- @BeforeMethod preCondition -->
  <testcase name="@AfterMethod getResult" time="-1.579521782212E9" classname="bluAndroid.bluAndroid.TestScripts.CreateBookingTestRunner">
    <skipped/>
  </testcase> <!-- @AfterMethod getResult -->
  <testcase name="@BeforeMethod preCondition" time="-1.579521782212E9" classname="bluAndroid.bluAndroid.TestScripts.CreateBookingTestRunner">
    <skipped/>
  </testcase> <!-- @BeforeMethod preCondition -->
  <testcase name="@AfterMethod getResult" time="-1.579521782212E9" classname="bluAndroid.bluAndroid.TestScripts.CreateBookingTestRunner">
    <skipped/>
  </testcase> <!-- @AfterMethod getResult -->
  <testcase name="@BeforeMethod preCondition" time="-1.579521782212E9" classname="bluAndroid.bluAndroid.TestScripts.CreateBookingTestRunner">
    <skipped/>
  </testcase> <!-- @BeforeMethod preCondition -->
  <testcase name="@AfterMethod getResult" time="-1.579521782227E9" classname="bluAndroid.bluAndroid.TestScripts.CreateBookingTestRunner">
    <skipped/>
  </testcase> <!-- @AfterMethod getResult -->
  <testcase name="@BeforeMethod preCondition" time="-1.579521782227E9" classname="bluAndroid.bluAndroid.TestScripts.CreateBookingTestRunner">
    <skipped/>
  </testcase> <!-- @BeforeMethod preCondition -->
  <testcase name="@AfterMethod getResult" time="-1.579521782227E9" classname="bluAndroid.bluAndroid.TestScripts.CreateBookingTestRunner">
    <skipped/>
  </testcase> <!-- @AfterMethod getResult -->
  <testcase name="@BeforeMethod preCondition" time="-1.579521782227E9" classname="bluAndroid.bluAndroid.TestScripts.CreateBookingTestRunner">
    <skipped/>
  </testcase> <!-- @BeforeMethod preCondition -->
  <testcase name="@AfterMethod getResult" time="-1.579521782243E9" classname="bluAndroid.bluAndroid.TestScripts.CreateBookingTestRunner">
    <skipped/>
  </testcase> <!-- @AfterMethod getResult -->
  <testcase name="@BeforeMethod preCondition" time="-1.579521782243E9" classname="bluAndroid.bluAndroid.TestScripts.CreateBookingTestRunner">
    <skipped/>
  </testcase> <!-- @BeforeMethod preCondition -->
  <testcase name="@AfterMethod getResult" time="-1.579521782243E9" classname="bluAndroid.bluAndroid.TestScripts.CreateBookingTestRunner">
    <skipped/>
  </testcase> <!-- @AfterMethod getResult -->
  <testcase name="@BeforeMethod preCondition" time="-1.579521782243E9" classname="bluAndroid.bluAndroid.TestScripts.CreateBookingTestRunner">
    <skipped/>
  </testcase> <!-- @BeforeMethod preCondition -->
  <testcase name="@AfterMethod getResult" time="-1.579521782259E9" classname="bluAndroid.bluAndroid.TestScripts.CreateBookingTestRunner">
    <skipped/>
  </testcase> <!-- @AfterMethod getResult -->
  <testcase name="@BeforeMethod preCondition" time="45.975" classname="bluAndroid.bluAndroid.TestScripts.CreateRequestTestRunner">
    <failure type="org.openqa.selenium.SessionNotCreatedException" message="Unable to create a new remote session. Please check the server log for more details. Original error: An unknown server-side error occurred while processing the command. Original error: Cannot start the &amp;apos;sg.com.blu.android.uat&amp;apos; application. Visit https://github.com/appium/appium/blob/master/docs/en/writing-running-appium/android/activity-startup.md for troubleshooting. Original error: Error executing adbExec. Original error: &amp;apos;Command &amp;apos;C\:\\Users\\urvashi\\AppData\\Local\\Android\\Sdk\\platform-tools\\adb.exe -P 5037 -s ce031713d5fad93001 shell am start -W -n sg.com.blu.android.uat/sg.com.blu.android.features.account.SplashActivity -S&amp;apos; timed out after 20000ms&amp;apos;. Try to increase the 20000ms adb execution timeout represented by &amp;apos;adbExecTimeout&amp;apos; capability
Build info: version: &amp;apos;3.141.59&amp;apos;, revision: &amp;apos;e82be7d358&amp;apos;, time: &amp;apos;2018-11-14T08:17:03&amp;apos;
System info: host: &amp;apos;BLU-LP-00004&amp;apos;, ip: &amp;apos;192.168.0.124&amp;apos;, os.name: &amp;apos;Windows 10&amp;apos;, os.arch: &amp;apos;amd64&amp;apos;, os.version: &amp;apos;10.0&amp;apos;, java.version: &amp;apos;1.8.0_221&amp;apos;
Driver info: driver.version: AndroidDriver
remote stacktrace: UnknownError: An unknown server-side error occurred while processing the command. Original error: Cannot start the &amp;apos;sg.com.blu.android.uat&amp;apos; application. Visit https://github.com/appium/appium/blob/master/docs/en/writing-running-appium/android/activity-startup.md for troubleshooting. Original error: Error executing adbExec. Original error: &amp;apos;Command &amp;apos;C\:\\Users\\urvashi\\AppData\\Local\\Android\\Sdk\\platform-tools\\adb.exe -P 5037 -s ce031713d5fad93001 shell am start -W -n sg.com.blu.android.uat/sg.com.blu.android.features.account.SplashActivity -S&amp;apos; timed out after 20000ms&amp;apos;. Try to increase the 20000ms adb execution timeout represented by &amp;apos;adbExecTimeout&amp;apos; capability
    at getResponseForW3CError (C:\Users\urvashi\AppData\Local\Programs\Appium\resources\app\node_modules\appium\node_modules\appium-base-driver\lib\protocol\errors.js:826:9)
    at asyncHandler (C:\Users\urvashi\AppData\Local\Programs\Appium\resources\app\node_modules\appium\node_modules\appium-base-driver\lib\protocol\protocol.js:447:37)
    at process._tickCallback (internal/process/next_tick.js:68:7)
Build info: version: &amp;apos;3.141.59&amp;apos;, revision: &amp;apos;e82be7d358&amp;apos;, time: &amp;apos;2018-11-14T08:17:03&amp;apos;
System info: host: &amp;apos;BLU-LP-00004&amp;apos;, ip: &amp;apos;192.168.0.124&amp;apos;, os.name: &amp;apos;Windows 10&amp;apos;, os.arch: &amp;apos;amd64&amp;apos;, os.version: &amp;apos;10.0&amp;apos;, java.version: &amp;apos;1.8.0_221&amp;apos;
Driver info: driver.version: AndroidDriver">
      <![CDATA[org.openqa.selenium.SessionNotCreatedException: Unable to create a new remote session. Please check the server log for more details. Original error: An unknown server-side error occurred while processing the command. Original error: Cannot start the 'sg.com.blu.android.uat' application. Visit https://github.com/appium/appium/blob/master/docs/en/writing-running-appium/android/activity-startup.md for troubleshooting. Original error: Error executing adbExec. Original error: 'Command 'C\:\\Users\\urvashi\\AppData\\Local\\Android\\Sdk\\platform-tools\\adb.exe -P 5037 -s ce031713d5fad93001 shell am start -W -n sg.com.blu.android.uat/sg.com.blu.android.features.account.SplashActivity -S' timed out after 20000ms'. Try to increase the 20000ms adb execution timeout represented by 'adbExecTimeout' capability
Build info: version: '3.141.59', revision: 'e82be7d358', time: '2018-11-14T08:17:03'
System info: host: 'BLU-LP-00004', ip: '192.168.0.124', os.name: 'Windows 10', os.arch: 'amd64', os.version: '10.0', java.version: '1.8.0_221'
Driver info: driver.version: AndroidDriver
remote stacktrace: UnknownError: An unknown server-side error occurred while processing the command. Original error: Cannot start the 'sg.com.blu.android.uat' application. Visit https://github.com/appium/appium/blob/master/docs/en/writing-running-appium/android/activity-startup.md for troubleshooting. Original error: Error executing adbExec. Original error: 'Command 'C\:\\Users\\urvashi\\AppData\\Local\\Android\\Sdk\\platform-tools\\adb.exe -P 5037 -s ce031713d5fad93001 shell am start -W -n sg.com.blu.android.uat/sg.com.blu.android.features.account.SplashActivity -S' timed out after 20000ms'. Try to increase the 20000ms adb execution timeout represented by 'adbExecTimeout' capability
    at getResponseForW3CError (C:\Users\urvashi\AppData\Local\Programs\Appium\resources\app\node_modules\appium\node_modules\appium-base-driver\lib\protocol\errors.js:826:9)
    at asyncHandler (C:\Users\urvashi\AppData\Local\Programs\Appium\resources\app\node_modules\appium\node_modules\appium-base-driver\lib\protocol\protocol.js:447:37)
    at process._tickCallback (internal/process/next_tick.js:68:7)
Build info: version: '3.141.59', revision: 'e82be7d358', time: '2018-11-14T08:17:03'
System info: host: 'BLU-LP-00004', ip: '192.168.0.124', os.name: 'Windows 10', os.arch: 'amd64', os.version: '10.0', java.version: '1.8.0_221'
Driver info: driver.version: AndroidDriver
at io.appium.java_client.remote.AppiumCommandExecutor$1.createSession(AppiumCommandExecutor.java:208)
at io.appium.java_client.remote.AppiumCommandExecutor.createSession(AppiumCommandExecutor.java:217)
at io.appium.java_client.remote.AppiumCommandExecutor.execute(AppiumCommandExecutor.java:239)
at org.openqa.selenium.remote.RemoteWebDriver.execute(RemoteWebDriver.java:552)
at io.appium.java_client.DefaultGenericMobileDriver.execute(DefaultGenericMobileDriver.java:41)
at io.appium.java_client.AppiumDriver.execute(AppiumDriver.java:1)
at io.appium.java_client.android.AndroidDriver.execute(AndroidDriver.java:1)
at org.openqa.selenium.remote.RemoteWebDriver.startSession(RemoteWebDriver.java:213)
at io.appium.java_client.AppiumDriver.startSession(AppiumDriver.java:336)
at org.openqa.selenium.remote.RemoteWebDriver.<init>(RemoteWebDriver.java:131)
at io.appium.java_client.DefaultGenericMobileDriver.<init>(DefaultGenericMobileDriver.java:37)
at io.appium.java_client.AppiumDriver.<init>(AppiumDriver.java:88)
at io.appium.java_client.AppiumDriver.<init>(AppiumDriver.java:98)
at io.appium.java_client.android.AndroidDriver.<init>(AndroidDriver.java:94)
at bluAndroid.bluAndroid.util.BaseClass.getAppCapabilities(BaseClass.java:39)
at bluAndroid.bluAndroid.TestScripts.CreateRequestTestRunner.preCondition(CreateRequestTestRunner.java:57)
at java.util.ArrayList.forEach(Unknown Source)
at io.appium.java_client.remote.AppiumCommandExecutor$1.createSession(AppiumCommandExecutor.java:186)
... 47 more
Caused by: org.openqa.selenium.WebDriverException: An unknown server-side error occurred while processing the command. Original error: Cannot start the 'sg.com.blu.android.uat' application. Visit https://github.com/appium/appium/blob/master/docs/en/writing-running-appium/android/activity-startup.md for troubleshooting. Original error: Error executing adbExec. Original error: 'Command 'C\:\\Users\\urvashi\\AppData\\Local\\Android\\Sdk\\platform-tools\\adb.exe -P 5037 -s ce031713d5fad93001 shell am start -W -n sg.com.blu.android.uat/sg.com.blu.android.features.account.SplashActivity -S' timed out after 20000ms'. Try to increase the 20000ms adb execution timeout represented by 'adbExecTimeout' capability
Build info: version: '3.141.59', revision: 'e82be7d358', time: '2018-11-14T08:17:03'
System info: host: 'BLU-LP-00004', ip: '192.168.0.124', os.name: 'Windows 10', os.arch: 'amd64', os.version: '10.0', java.version: '1.8.0_221'
Driver info: driver.version: AndroidDriver
remote stacktrace: UnknownError: An unknown server-side error occurred while processing the command. Original error: Cannot start the 'sg.com.blu.android.uat' application. Visit https://github.com/appium/appium/blob/master/docs/en/writing-running-appium/android/activity-startup.md for troubleshooting. Original error: Error executing adbExec. Original error: 'Command 'C\:\\Users\\urvashi\\AppData\\Local\\Android\\Sdk\\platform-tools\\adb.exe -P 5037 -s ce031713d5fad93001 shell am start -W -n sg.com.blu.android.uat/sg.com.blu.android.features.account.SplashActivity -S' timed out after 20000ms'. Try to increase the 20000ms adb execution timeout represented by 'adbExecTimeout' capability
    at getResponseForW3CError (C:\Users\urvashi\AppData\Local\Programs\Appium\resources\app\node_modules\appium\node_modules\appium-base-driver\lib\protocol\errors.js:826:9)
    at asyncHandler (C:\Users\urvashi\AppData\Local\Programs\Appium\resources\app\node_modules\appium\node_modules\appium-base-driver\lib\protocol\protocol.js:447:37)
    at process._tickCallback (internal/process/next_tick.js:68:7)
at org.openqa.selenium.remote.W3CHandshakeResponse.lambda$errorHandler$0(W3CHandshakeResponse.java:62)
at org.openqa.selenium.remote.HandshakeResponse.lambda$getResponseFunction$0(HandshakeResponse.java:30)
at org.openqa.selenium.remote.ProtocolHandshake.lambda$createSession$0(ProtocolHandshake.java:126)
at java.util.stream.ReferencePipeline$3$1.accept(Unknown Source)
at java.util.Spliterators$ArraySpliterator.tryAdvance(Unknown Source)
at java.util.stream.ReferencePipeline.forEachWithCancel(Unknown Source)
at java.util.stream.AbstractPipeline.copyIntoWithCancel(Unknown Source)
at java.util.stream.AbstractPipeline.copyInto(Unknown Source)
at java.util.stream.AbstractPipeline.wrapAndCopyInto(Unknown Source)
at java.util.stream.FindOps$FindOp.evaluateSequential(Unknown Source)
at java.util.stream.AbstractPipeline.evaluate(Unknown Source)
at java.util.stream.ReferencePipeline.findFirst(Unknown Source)
at org.openqa.selenium.remote.ProtocolHandshake.createSession(ProtocolHandshake.java:128)
... 51 more
... Removed 39 stack frames]]>
    </failure>
  </testcase> <!-- @BeforeMethod preCondition -->
  <testcase name="@AfterMethod getResult" time="-1.579521828234E9" classname="bluAndroid.bluAndroid.TestScripts.CreateRequestTestRunner">
    <skipped/>
  </testcase> <!-- @AfterMethod getResult -->
  <testcase name="@BeforeMethod preCondition" time="-1.579521828234E9" classname="bluAndroid.bluAndroid.TestScripts.CreateRequestTestRunner">
    <skipped/>
  </testcase> <!-- @BeforeMethod preCondition -->
  <testcase name="@AfterMethod getResult" time="-1.579521828234E9" classname="bluAndroid.bluAndroid.TestScripts.CreateRequestTestRunner">
    <skipped/>
  </testcase> <!-- @AfterMethod getResult -->
  <testcase name="@BeforeMethod preCondition" time="-1.579521828234E9" classname="bluAndroid.bluAndroid.TestScripts.CreateRequestTestRunner">
    <skipped/>
  </testcase> <!-- @BeforeMethod preCondition -->
  <testcase name="@AfterMethod getResult" time="-1.57952182825E9" classname="bluAndroid.bluAndroid.TestScripts.CreateRequestTestRunner">
    <skipped/>
  </testcase> <!-- @AfterMethod getResult -->
  <testcase name="@BeforeMethod preCondition" time="-1.57952182825E9" classname="bluAndroid.bluAndroid.TestScripts.CreateRequestTestRunner">
    <skipped/>
  </testcase> <!-- @BeforeMethod preCondition -->
  <testcase name="@AfterMethod getResult" time="-1.57952182825E9" classname="bluAndroid.bluAndroid.TestScripts.CreateRequestTestRunner">
    <skipped/>
  </testcase> <!-- @AfterMethod getResult -->
  <testcase name="@BeforeMethod preCondition" time="-1.57952182825E9" classname="bluAndroid.bluAndroid.TestScripts.CreateRequestTestRunner">
    <skipped/>
  </testcase> <!-- @BeforeMethod preCondition -->
  <testcase name="@AfterMethod getResult" time="-1.57952182825E9" classname="bluAndroid.bluAndroid.TestScripts.CreateRequestTestRunner">
    <skipped/>
  </testcase> <!-- @AfterMethod getResult -->
  <testcase name="@BeforeMethod preCondition" time="46.012" classname="bluAndroid.bluAndroid.TestScripts.CreateBookingViaRequestTestRunner">
    <failure type="org.openqa.selenium.SessionNotCreatedException" message="Unable to create a new remote session. Please check the server log for more details. Original error: An unknown server-side error occurred while processing the command. Original error: Cannot start the &amp;apos;sg.com.blu.android.uat&amp;apos; application. Visit https://github.com/appium/appium/blob/master/docs/en/writing-running-appium/android/activity-startup.md for troubleshooting. Original error: Error executing adbExec. Original error: &amp;apos;Command &amp;apos;C\:\\Users\\urvashi\\AppData\\Local\\Android\\Sdk\\platform-tools\\adb.exe -P 5037 -s ce031713d5fad93001 shell am start -W -n sg.com.blu.android.uat/sg.com.blu.android.features.account.SplashActivity -S&amp;apos; timed out after 20000ms&amp;apos;. Try to increase the 20000ms adb execution timeout represented by &amp;apos;adbExecTimeout&amp;apos; capability
Build info: version: &amp;apos;3.141.59&amp;apos;, revision: &amp;apos;e82be7d358&amp;apos;, time: &amp;apos;2018-11-14T08:17:03&amp;apos;
System info: host: &amp;apos;BLU-LP-00004&amp;apos;, ip: &amp;apos;192.168.0.124&amp;apos;, os.name: &amp;apos;Windows 10&amp;apos;, os.arch: &amp;apos;amd64&amp;apos;, os.version: &amp;apos;10.0&amp;apos;, java.version: &amp;apos;1.8.0_221&amp;apos;
Driver info: driver.version: AndroidDriver
remote stacktrace: UnknownError: An unknown server-side error occurred while processing the command. Original error: Cannot start the &amp;apos;sg.com.blu.android.uat&amp;apos; application. Visit https://github.com/appium/appium/blob/master/docs/en/writing-running-appium/android/activity-startup.md for troubleshooting. Original error: Error executing adbExec. Original error: &amp;apos;Command &amp;apos;C\:\\Users\\urvashi\\AppData\\Local\\Android\\Sdk\\platform-tools\\adb.exe -P 5037 -s ce031713d5fad93001 shell am start -W -n sg.com.blu.android.uat/sg.com.blu.android.features.account.SplashActivity -S&amp;apos; timed out after 20000ms&amp;apos;. Try to increase the 20000ms adb execution timeout represented by &amp;apos;adbExecTimeout&amp;apos; capability
    at getResponseForW3CError (C:\Users\urvashi\AppData\Local\Programs\Appium\resources\app\node_modules\appium\node_modules\appium-base-driver\lib\protocol\errors.js:826:9)
    at asyncHandler (C:\Users\urvashi\AppData\Local\Programs\Appium\resources\app\node_modules\appium\node_modules\appium-base-driver\lib\protocol\protocol.js:447:37)
    at process._tickCallback (internal/process/next_tick.js:68:7)
Build info: version: &amp;apos;3.141.59&amp;apos;, revision: &amp;apos;e82be7d358&amp;apos;, time: &amp;apos;2018-11-14T08:17:03&amp;apos;
System info: host: &amp;apos;BLU-LP-00004&amp;apos;, ip: &amp;apos;192.168.0.124&amp;apos;, os.name: &amp;apos;Windows 10&amp;apos;, os.arch: &amp;apos;amd64&amp;apos;, os.version: &amp;apos;10.0&amp;apos;, java.version: &amp;apos;1.8.0_221&amp;apos;
Driver info: driver.version: AndroidDriver">
      <![CDATA[org.openqa.selenium.SessionNotCreatedException: Unable to create a new remote session. Please check the server log for more details. Original error: An unknown server-side error occurred while processing the command. Original error: Cannot start the 'sg.com.blu.android.uat' application. Visit https://github.com/appium/appium/blob/master/docs/en/writing-running-appium/android/activity-startup.md for troubleshooting. Original error: Error executing adbExec. Original error: 'Command 'C\:\\Users\\urvashi\\AppData\\Local\\Android\\Sdk\\platform-tools\\adb.exe -P 5037 -s ce031713d5fad93001 shell am start -W -n sg.com.blu.android.uat/sg.com.blu.android.features.account.SplashActivity -S' timed out after 20000ms'. Try to increase the 20000ms adb execution timeout represented by 'adbExecTimeout' capability
Build info: version: '3.141.59', revision: 'e82be7d358', time: '2018-11-14T08:17:03'
System info: host: 'BLU-LP-00004', ip: '192.168.0.124', os.name: 'Windows 10', os.arch: 'amd64', os.version: '10.0', java.version: '1.8.0_221'
Driver info: driver.version: AndroidDriver
remote stacktrace: UnknownError: An unknown server-side error occurred while processing the command. Original error: Cannot start the 'sg.com.blu.android.uat' application. Visit https://github.com/appium/appium/blob/master/docs/en/writing-running-appium/android/activity-startup.md for troubleshooting. Original error: Error executing adbExec. Original error: 'Command 'C\:\\Users\\urvashi\\AppData\\Local\\Android\\Sdk\\platform-tools\\adb.exe -P 5037 -s ce031713d5fad93001 shell am start -W -n sg.com.blu.android.uat/sg.com.blu.android.features.account.SplashActivity -S' timed out after 20000ms'. Try to increase the 20000ms adb execution timeout represented by 'adbExecTimeout' capability
    at getResponseForW3CError (C:\Users\urvashi\AppData\Local\Programs\Appium\resources\app\node_modules\appium\node_modules\appium-base-driver\lib\protocol\errors.js:826:9)
    at asyncHandler (C:\Users\urvashi\AppData\Local\Programs\Appium\resources\app\node_modules\appium\node_modules\appium-base-driver\lib\protocol\protocol.js:447:37)
    at process._tickCallback (internal/process/next_tick.js:68:7)
Build info: version: '3.141.59', revision: 'e82be7d358', time: '2018-11-14T08:17:03'
System info: host: 'BLU-LP-00004', ip: '192.168.0.124', os.name: 'Windows 10', os.arch: 'amd64', os.version: '10.0', java.version: '1.8.0_221'
Driver info: driver.version: AndroidDriver
at io.appium.java_client.remote.AppiumCommandExecutor$1.createSession(AppiumCommandExecutor.java:208)
at io.appium.java_client.remote.AppiumCommandExecutor.createSession(AppiumCommandExecutor.java:217)
at io.appium.java_client.remote.AppiumCommandExecutor.execute(AppiumCommandExecutor.java:239)
at org.openqa.selenium.remote.RemoteWebDriver.execute(RemoteWebDriver.java:552)
at io.appium.java_client.DefaultGenericMobileDriver.execute(DefaultGenericMobileDriver.java:41)
at io.appium.java_client.AppiumDriver.execute(AppiumDriver.java:1)
at io.appium.java_client.android.AndroidDriver.execute(AndroidDriver.java:1)
at org.openqa.selenium.remote.RemoteWebDriver.startSession(RemoteWebDriver.java:213)
at io.appium.java_client.AppiumDriver.startSession(AppiumDriver.java:336)
at org.openqa.selenium.remote.RemoteWebDriver.<init>(RemoteWebDriver.java:131)
at io.appium.java_client.DefaultGenericMobileDriver.<init>(DefaultGenericMobileDriver.java:37)
at io.appium.java_client.AppiumDriver.<init>(AppiumDriver.java:88)
at io.appium.java_client.AppiumDriver.<init>(AppiumDriver.java:98)
at io.appium.java_client.android.AndroidDriver.<init>(AndroidDriver.java:94)
at bluAndroid.bluAndroid.util.BaseClass.getAppCapabilities(BaseClass.java:39)
at bluAndroid.bluAndroid.TestScripts.CreateBookingViaRequestTestRunner.preCondition(CreateBookingViaRequestTestRunner.java:57)
at java.util.ArrayList.forEach(Unknown Source)
at io.appium.java_client.remote.AppiumCommandExecutor$1.createSession(AppiumCommandExecutor.java:186)
... 47 more
Caused by: org.openqa.selenium.WebDriverException: An unknown server-side error occurred while processing the command. Original error: Cannot start the 'sg.com.blu.android.uat' application. Visit https://github.com/appium/appium/blob/master/docs/en/writing-running-appium/android/activity-startup.md for troubleshooting. Original error: Error executing adbExec. Original error: 'Command 'C\:\\Users\\urvashi\\AppData\\Local\\Android\\Sdk\\platform-tools\\adb.exe -P 5037 -s ce031713d5fad93001 shell am start -W -n sg.com.blu.android.uat/sg.com.blu.android.features.account.SplashActivity -S' timed out after 20000ms'. Try to increase the 20000ms adb execution timeout represented by 'adbExecTimeout' capability
Build info: version: '3.141.59', revision: 'e82be7d358', time: '2018-11-14T08:17:03'
System info: host: 'BLU-LP-00004', ip: '192.168.0.124', os.name: 'Windows 10', os.arch: 'amd64', os.version: '10.0', java.version: '1.8.0_221'
Driver info: driver.version: AndroidDriver
remote stacktrace: UnknownError: An unknown server-side error occurred while processing the command. Original error: Cannot start the 'sg.com.blu.android.uat' application. Visit https://github.com/appium/appium/blob/master/docs/en/writing-running-appium/android/activity-startup.md for troubleshooting. Original error: Error executing adbExec. Original error: 'Command 'C\:\\Users\\urvashi\\AppData\\Local\\Android\\Sdk\\platform-tools\\adb.exe -P 5037 -s ce031713d5fad93001 shell am start -W -n sg.com.blu.android.uat/sg.com.blu.android.features.account.SplashActivity -S' timed out after 20000ms'. Try to increase the 20000ms adb execution timeout represented by 'adbExecTimeout' capability
    at getResponseForW3CError (C:\Users\urvashi\AppData\Local\Programs\Appium\resources\app\node_modules\appium\node_modules\appium-base-driver\lib\protocol\errors.js:826:9)
    at asyncHandler (C:\Users\urvashi\AppData\Local\Programs\Appium\resources\app\node_modules\appium\node_modules\appium-base-driver\lib\protocol\protocol.js:447:37)
    at process._tickCallback (internal/process/next_tick.js:68:7)
at org.openqa.selenium.remote.W3CHandshakeResponse.lambda$errorHandler$0(W3CHandshakeResponse.java:62)
at org.openqa.selenium.remote.HandshakeResponse.lambda$getResponseFunction$0(HandshakeResponse.java:30)
at org.openqa.selenium.remote.ProtocolHandshake.lambda$createSession$0(ProtocolHandshake.java:126)
at java.util.stream.ReferencePipeline$3$1.accept(Unknown Source)
at java.util.Spliterators$ArraySpliterator.tryAdvance(Unknown Source)
at java.util.stream.ReferencePipeline.forEachWithCancel(Unknown Source)
at java.util.stream.AbstractPipeline.copyIntoWithCancel(Unknown Source)
at java.util.stream.AbstractPipeline.copyInto(Unknown Source)
at java.util.stream.AbstractPipeline.wrapAndCopyInto(Unknown Source)
at java.util.stream.FindOps$FindOp.evaluateSequential(Unknown Source)
at java.util.stream.AbstractPipeline.evaluate(Unknown Source)
at java.util.stream.ReferencePipeline.findFirst(Unknown Source)
at org.openqa.selenium.remote.ProtocolHandshake.createSession(ProtocolHandshake.java:128)
... 51 more
... Removed 39 stack frames]]>
    </failure>
  </testcase> <!-- @BeforeMethod preCondition -->
  <testcase name="@AfterMethod getResult" time="-1.579521874262E9" classname="bluAndroid.bluAndroid.TestScripts.CreateBookingViaRequestTestRunner">
    <skipped/>
  </testcase> <!-- @AfterMethod getResult -->
  <testcase name="@BeforeMethod preCondition" time="-1.579521874262E9" classname="bluAndroid.bluAndroid.TestScripts.CreateBookingViaRequestTestRunner">
    <skipped/>
  </testcase> <!-- @BeforeMethod preCondition -->
  <testcase name="@AfterMethod getResult" time="-1.579521874262E9" classname="bluAndroid.bluAndroid.TestScripts.CreateBookingViaRequestTestRunner">
    <skipped/>
  </testcase> <!-- @AfterMethod getResult -->
  <testcase name="@BeforeMethod preCondition" time="46.235" classname="bluAndroid.bluAndroid.TestScripts.RewardsTestRunner">
    <failure type="org.openqa.selenium.SessionNotCreatedException" message="Unable to create a new remote session. Please check the server log for more details. Original error: An unknown server-side error occurred while processing the command. Original error: Cannot start the &amp;apos;sg.com.blu.android.uat&amp;apos; application. Visit https://github.com/appium/appium/blob/master/docs/en/writing-running-appium/android/activity-startup.md for troubleshooting. Original error: Error executing adbExec. Original error: &amp;apos;Command &amp;apos;C\:\\Users\\urvashi\\AppData\\Local\\Android\\Sdk\\platform-tools\\adb.exe -P 5037 -s ce031713d5fad93001 shell am start -W -n sg.com.blu.android.uat/sg.com.blu.android.features.account.SplashActivity -S&amp;apos; timed out after 20000ms&amp;apos;. Try to increase the 20000ms adb execution timeout represented by &amp;apos;adbExecTimeout&amp;apos; capability
Build info: version: &amp;apos;3.141.59&amp;apos;, revision: &amp;apos;e82be7d358&amp;apos;, time: &amp;apos;2018-11-14T08:17:03&amp;apos;
System info: host: &amp;apos;BLU-LP-00004&amp;apos;, ip: &amp;apos;192.168.0.124&amp;apos;, os.name: &amp;apos;Windows 10&amp;apos;, os.arch: &amp;apos;amd64&amp;apos;, os.version: &amp;apos;10.0&amp;apos;, java.version: &amp;apos;1.8.0_221&amp;apos;
Driver info: driver.version: AndroidDriver
remote stacktrace: UnknownError: An unknown server-side error occurred while processing the command. Original error: Cannot start the &amp;apos;sg.com.blu.android.uat&amp;apos; application. Visit https://github.com/appium/appium/blob/master/docs/en/writing-running-appium/android/activity-startup.md for troubleshooting. Original error: Error executing adbExec. Original error: &amp;apos;Command &amp;apos;C\:\\Users\\urvashi\\AppData\\Local\\Android\\Sdk\\platform-tools\\adb.exe -P 5037 -s ce031713d5fad93001 shell am start -W -n sg.com.blu.android.uat/sg.com.blu.android.features.account.SplashActivity -S&amp;apos; timed out after 20000ms&amp;apos;. Try to increase the 20000ms adb execution timeout represented by &amp;apos;adbExecTimeout&amp;apos; capability
    at getResponseForW3CError (C:\Users\urvashi\AppData\Local\Programs\Appium\resources\app\node_modules\appium\node_modules\appium-base-driver\lib\protocol\errors.js:826:9)
    at asyncHandler (C:\Users\urvashi\AppData\Local\Programs\Appium\resources\app\node_modules\appium\node_modules\appium-base-driver\lib\protocol\protocol.js:447:37)
    at process._tickCallback (internal/process/next_tick.js:68:7)
Build info: version: &amp;apos;3.141.59&amp;apos;, revision: &amp;apos;e82be7d358&amp;apos;, time: &amp;apos;2018-11-14T08:17:03&amp;apos;
System info: host: &amp;apos;BLU-LP-00004&amp;apos;, ip: &amp;apos;192.168.0.124&amp;apos;, os.name: &amp;apos;Windows 10&amp;apos;, os.arch: &amp;apos;amd64&amp;apos;, os.version: &amp;apos;10.0&amp;apos;, java.version: &amp;apos;1.8.0_221&amp;apos;
Driver info: driver.version: AndroidDriver">
      <![CDATA[org.openqa.selenium.SessionNotCreatedException: Unable to create a new remote session. Please check the server log for more details. Original error: An unknown server-side error occurred while processing the command. Original error: Cannot start the 'sg.com.blu.android.uat' application. Visit https://github.com/appium/appium/blob/master/docs/en/writing-running-appium/android/activity-startup.md for troubleshooting. Original error: Error executing adbExec. Original error: 'Command 'C\:\\Users\\urvashi\\AppData\\Local\\Android\\Sdk\\platform-tools\\adb.exe -P 5037 -s ce031713d5fad93001 shell am start -W -n sg.com.blu.android.uat/sg.com.blu.android.features.account.SplashActivity -S' timed out after 20000ms'. Try to increase the 20000ms adb execution timeout represented by 'adbExecTimeout' capability
Build info: version: '3.141.59', revision: 'e82be7d358', time: '2018-11-14T08:17:03'
System info: host: 'BLU-LP-00004', ip: '192.168.0.124', os.name: 'Windows 10', os.arch: 'amd64', os.version: '10.0', java.version: '1.8.0_221'
Driver info: driver.version: AndroidDriver
remote stacktrace: UnknownError: An unknown server-side error occurred while processing the command. Original error: Cannot start the 'sg.com.blu.android.uat' application. Visit https://github.com/appium/appium/blob/master/docs/en/writing-running-appium/android/activity-startup.md for troubleshooting. Original error: Error executing adbExec. Original error: 'Command 'C\:\\Users\\urvashi\\AppData\\Local\\Android\\Sdk\\platform-tools\\adb.exe -P 5037 -s ce031713d5fad93001 shell am start -W -n sg.com.blu.android.uat/sg.com.blu.android.features.account.SplashActivity -S' timed out after 20000ms'. Try to increase the 20000ms adb execution timeout represented by 'adbExecTimeout' capability
    at getResponseForW3CError (C:\Users\urvashi\AppData\Local\Programs\Appium\resources\app\node_modules\appium\node_modules\appium-base-driver\lib\protocol\errors.js:826:9)
    at asyncHandler (C:\Users\urvashi\AppData\Local\Programs\Appium\resources\app\node_modules\appium\node_modules\appium-base-driver\lib\protocol\protocol.js:447:37)
    at process._tickCallback (internal/process/next_tick.js:68:7)
Build info: version: '3.141.59', revision: 'e82be7d358', time: '2018-11-14T08:17:03'
System info: host: 'BLU-LP-00004', ip: '192.168.0.124', os.name: 'Windows 10', os.arch: 'amd64', os.version: '10.0', java.version: '1.8.0_221'
Driver info: driver.version: AndroidDriver
at io.appium.java_client.remote.AppiumCommandExecutor$1.createSession(AppiumCommandExecutor.java:208)
at io.appium.java_client.remote.AppiumCommandExecutor.createSession(AppiumCommandExecutor.java:217)
at io.appium.java_client.remote.AppiumCommandExecutor.execute(AppiumCommandExecutor.java:239)
at org.openqa.selenium.remote.RemoteWebDriver.execute(RemoteWebDriver.java:552)
at io.appium.java_client.DefaultGenericMobileDriver.execute(DefaultGenericMobileDriver.java:41)
at io.appium.java_client.AppiumDriver.execute(AppiumDriver.java:1)
at io.appium.java_client.android.AndroidDriver.execute(AndroidDriver.java:1)
at org.openqa.selenium.remote.RemoteWebDriver.startSession(RemoteWebDriver.java:213)
at io.appium.java_client.AppiumDriver.startSession(AppiumDriver.java:336)
at org.openqa.selenium.remote.RemoteWebDriver.<init>(RemoteWebDriver.java:131)
at io.appium.java_client.DefaultGenericMobileDriver.<init>(DefaultGenericMobileDriver.java:37)
at io.appium.java_client.AppiumDriver.<init>(AppiumDriver.java:88)
at io.appium.java_client.AppiumDriver.<init>(AppiumDriver.java:98)
at io.appium.java_client.android.AndroidDriver.<init>(AndroidDriver.java:94)
at bluAndroid.bluAndroid.util.BaseClass.getAppCapabilities(BaseClass.java:39)
at bluAndroid.bluAndroid.TestScripts.RewardsTestRunner.preCondition(RewardsTestRunner.java:59)
at java.util.ArrayList.forEach(Unknown Source)
at io.appium.java_client.remote.AppiumCommandExecutor$1.createSession(AppiumCommandExecutor.java:186)
... 47 more
Caused by: org.openqa.selenium.WebDriverException: An unknown server-side error occurred while processing the command. Original error: Cannot start the 'sg.com.blu.android.uat' application. Visit https://github.com/appium/appium/blob/master/docs/en/writing-running-appium/android/activity-startup.md for troubleshooting. Original error: Error executing adbExec. Original error: 'Command 'C\:\\Users\\urvashi\\AppData\\Local\\Android\\Sdk\\platform-tools\\adb.exe -P 5037 -s ce031713d5fad93001 shell am start -W -n sg.com.blu.android.uat/sg.com.blu.android.features.account.SplashActivity -S' timed out after 20000ms'. Try to increase the 20000ms adb execution timeout represented by 'adbExecTimeout' capability
Build info: version: '3.141.59', revision: 'e82be7d358', time: '2018-11-14T08:17:03'
System info: host: 'BLU-LP-00004', ip: '192.168.0.124', os.name: 'Windows 10', os.arch: 'amd64', os.version: '10.0', java.version: '1.8.0_221'
Driver info: driver.version: AndroidDriver
remote stacktrace: UnknownError: An unknown server-side error occurred while processing the command. Original error: Cannot start the 'sg.com.blu.android.uat' application. Visit https://github.com/appium/appium/blob/master/docs/en/writing-running-appium/android/activity-startup.md for troubleshooting. Original error: Error executing adbExec. Original error: 'Command 'C\:\\Users\\urvashi\\AppData\\Local\\Android\\Sdk\\platform-tools\\adb.exe -P 5037 -s ce031713d5fad93001 shell am start -W -n sg.com.blu.android.uat/sg.com.blu.android.features.account.SplashActivity -S' timed out after 20000ms'. Try to increase the 20000ms adb execution timeout represented by 'adbExecTimeout' capability
    at getResponseForW3CError (C:\Users\urvashi\AppData\Local\Programs\Appium\resources\app\node_modules\appium\node_modules\appium-base-driver\lib\protocol\errors.js:826:9)
    at asyncHandler (C:\Users\urvashi\AppData\Local\Programs\Appium\resources\app\node_modules\appium\node_modules\appium-base-driver\lib\protocol\protocol.js:447:37)
    at process._tickCallback (internal/process/next_tick.js:68:7)
at org.openqa.selenium.remote.W3CHandshakeResponse.lambda$errorHandler$0(W3CHandshakeResponse.java:62)
at org.openqa.selenium.remote.HandshakeResponse.lambda$getResponseFunction$0(HandshakeResponse.java:30)
at org.openqa.selenium.remote.ProtocolHandshake.lambda$createSession$0(ProtocolHandshake.java:126)
at java.util.stream.ReferencePipeline$3$1.accept(Unknown Source)
at java.util.Spliterators$ArraySpliterator.tryAdvance(Unknown Source)
at java.util.stream.ReferencePipeline.forEachWithCancel(Unknown Source)
at java.util.stream.AbstractPipeline.copyIntoWithCancel(Unknown Source)
at java.util.stream.AbstractPipeline.copyInto(Unknown Source)
at java.util.stream.AbstractPipeline.wrapAndCopyInto(Unknown Source)
at java.util.stream.FindOps$FindOp.evaluateSequential(Unknown Source)
at java.util.stream.AbstractPipeline.evaluate(Unknown Source)
at java.util.stream.ReferencePipeline.findFirst(Unknown Source)
at org.openqa.selenium.remote.ProtocolHandshake.createSession(ProtocolHandshake.java:128)
... 51 more
... Removed 39 stack frames]]>
    </failure>
  </testcase> <!-- @BeforeMethod preCondition -->
  <testcase name="@BeforeMethod preCondition" time="-1.579521920497E9" classname="bluAndroid.bluAndroid.TestScripts.RewardsTestRunner">
    <skipped/>
  </testcase> <!-- @BeforeMethod preCondition -->
  <testcase name="@BeforeMethod preCondition" time="-1.579521920497E9" classname="bluAndroid.bluAndroid.TestScripts.RewardsTestRunner">
    <skipped/>
  </testcase> <!-- @BeforeMethod preCondition -->
  <testcase name="@BeforeMethod preCondition" time="-1.579521920512E9" classname="bluAndroid.bluAndroid.TestScripts.RewardsTestRunner">
    <skipped/>
  </testcase> <!-- @BeforeMethod preCondition -->
  <testcase name="@BeforeMethod preCondition" time="-1.579521920512E9" classname="bluAndroid.bluAndroid.TestScripts.RewardsTestRunner">
    <skipped/>
  </testcase> <!-- @BeforeMethod preCondition -->
  <testcase name="@BeforeMethod preCondition" time="-1.579521920512E9" classname="bluAndroid.bluAndroid.TestScripts.RewardsTestRunner">
    <skipped/>
  </testcase> <!-- @BeforeMethod preCondition -->
  <testcase name="@BeforeMethod preCondition" time="45.975" classname="bluAndroid.bluAndroid.TestScripts.BluLogoutTestRunner">
    <failure type="org.openqa.selenium.SessionNotCreatedException" message="Unable to create a new remote session. Please check the server log for more details. Original error: An unknown server-side error occurred while processing the command. Original error: Cannot start the &amp;apos;sg.com.blu.android.uat&amp;apos; application. Visit https://github.com/appium/appium/blob/master/docs/en/writing-running-appium/android/activity-startup.md for troubleshooting. Original error: Error executing adbExec. Original error: &amp;apos;Command &amp;apos;C\:\\Users\\urvashi\\AppData\\Local\\Android\\Sdk\\platform-tools\\adb.exe -P 5037 -s ce031713d5fad93001 shell am start -W -n sg.com.blu.android.uat/sg.com.blu.android.features.account.SplashActivity -S&amp;apos; timed out after 20000ms&amp;apos;. Try to increase the 20000ms adb execution timeout represented by &amp;apos;adbExecTimeout&amp;apos; capability
Build info: version: &amp;apos;3.141.59&amp;apos;, revision: &amp;apos;e82be7d358&amp;apos;, time: &amp;apos;2018-11-14T08:17:03&amp;apos;
System info: host: &amp;apos;BLU-LP-00004&amp;apos;, ip: &amp;apos;192.168.0.124&amp;apos;, os.name: &amp;apos;Windows 10&amp;apos;, os.arch: &amp;apos;amd64&amp;apos;, os.version: &amp;apos;10.0&amp;apos;, java.version: &amp;apos;1.8.0_221&amp;apos;
Driver info: driver.version: AndroidDriver
remote stacktrace: UnknownError: An unknown server-side error occurred while processing the command. Original error: Cannot start the &amp;apos;sg.com.blu.android.uat&amp;apos; application. Visit https://github.com/appium/appium/blob/master/docs/en/writing-running-appium/android/activity-startup.md for troubleshooting. Original error: Error executing adbExec. Original error: &amp;apos;Command &amp;apos;C\:\\Users\\urvashi\\AppData\\Local\\Android\\Sdk\\platform-tools\\adb.exe -P 5037 -s ce031713d5fad93001 shell am start -W -n sg.com.blu.android.uat/sg.com.blu.android.features.account.SplashActivity -S&amp;apos; timed out after 20000ms&amp;apos;. Try to increase the 20000ms adb execution timeout represented by &amp;apos;adbExecTimeout&amp;apos; capability
    at getResponseForW3CError (C:\Users\urvashi\AppData\Local\Programs\Appium\resources\app\node_modules\appium\node_modules\appium-base-driver\lib\protocol\errors.js:826:9)
    at asyncHandler (C:\Users\urvashi\AppData\Local\Programs\Appium\resources\app\node_modules\appium\node_modules\appium-base-driver\lib\protocol\protocol.js:447:37)
    at process._tickCallback (internal/process/next_tick.js:68:7)
Build info: version: &amp;apos;3.141.59&amp;apos;, revision: &amp;apos;e82be7d358&amp;apos;, time: &amp;apos;2018-11-14T08:17:03&amp;apos;
System info: host: &amp;apos;BLU-LP-00004&amp;apos;, ip: &amp;apos;192.168.0.124&amp;apos;, os.name: &amp;apos;Windows 10&amp;apos;, os.arch: &amp;apos;amd64&amp;apos;, os.version: &amp;apos;10.0&amp;apos;, java.version: &amp;apos;1.8.0_221&amp;apos;
Driver info: driver.version: AndroidDriver">
      <![CDATA[org.openqa.selenium.SessionNotCreatedException: Unable to create a new remote session. Please check the server log for more details. Original error: An unknown server-side error occurred while processing the command. Original error: Cannot start the 'sg.com.blu.android.uat' application. Visit https://github.com/appium/appium/blob/master/docs/en/writing-running-appium/android/activity-startup.md for troubleshooting. Original error: Error executing adbExec. Original error: 'Command 'C\:\\Users\\urvashi\\AppData\\Local\\Android\\Sdk\\platform-tools\\adb.exe -P 5037 -s ce031713d5fad93001 shell am start -W -n sg.com.blu.android.uat/sg.com.blu.android.features.account.SplashActivity -S' timed out after 20000ms'. Try to increase the 20000ms adb execution timeout represented by 'adbExecTimeout' capability
Build info: version: '3.141.59', revision: 'e82be7d358', time: '2018-11-14T08:17:03'
System info: host: 'BLU-LP-00004', ip: '192.168.0.124', os.name: 'Windows 10', os.arch: 'amd64', os.version: '10.0', java.version: '1.8.0_221'
Driver info: driver.version: AndroidDriver
remote stacktrace: UnknownError: An unknown server-side error occurred while processing the command. Original error: Cannot start the 'sg.com.blu.android.uat' application. Visit https://github.com/appium/appium/blob/master/docs/en/writing-running-appium/android/activity-startup.md for troubleshooting. Original error: Error executing adbExec. Original error: 'Command 'C\:\\Users\\urvashi\\AppData\\Local\\Android\\Sdk\\platform-tools\\adb.exe -P 5037 -s ce031713d5fad93001 shell am start -W -n sg.com.blu.android.uat/sg.com.blu.android.features.account.SplashActivity -S' timed out after 20000ms'. Try to increase the 20000ms adb execution timeout represented by 'adbExecTimeout' capability
    at getResponseForW3CError (C:\Users\urvashi\AppData\Local\Programs\Appium\resources\app\node_modules\appium\node_modules\appium-base-driver\lib\protocol\errors.js:826:9)
    at asyncHandler (C:\Users\urvashi\AppData\Local\Programs\Appium\resources\app\node_modules\appium\node_modules\appium-base-driver\lib\protocol\protocol.js:447:37)
    at process._tickCallback (internal/process/next_tick.js:68:7)
Build info: version: '3.141.59', revision: 'e82be7d358', time: '2018-11-14T08:17:03'
System info: host: 'BLU-LP-00004', ip: '192.168.0.124', os.name: 'Windows 10', os.arch: 'amd64', os.version: '10.0', java.version: '1.8.0_221'
Driver info: driver.version: AndroidDriver
at io.appium.java_client.remote.AppiumCommandExecutor$1.createSession(AppiumCommandExecutor.java:208)
at io.appium.java_client.remote.AppiumCommandExecutor.createSession(AppiumCommandExecutor.java:217)
at io.appium.java_client.remote.AppiumCommandExecutor.execute(AppiumCommandExecutor.java:239)
at org.openqa.selenium.remote.RemoteWebDriver.execute(RemoteWebDriver.java:552)
at io.appium.java_client.DefaultGenericMobileDriver.execute(DefaultGenericMobileDriver.java:41)
at io.appium.java_client.AppiumDriver.execute(AppiumDriver.java:1)
at io.appium.java_client.android.AndroidDriver.execute(AndroidDriver.java:1)
at org.openqa.selenium.remote.RemoteWebDriver.startSession(RemoteWebDriver.java:213)
at io.appium.java_client.AppiumDriver.startSession(AppiumDriver.java:336)
at org.openqa.selenium.remote.RemoteWebDriver.<init>(RemoteWebDriver.java:131)
at io.appium.java_client.DefaultGenericMobileDriver.<init>(DefaultGenericMobileDriver.java:37)
at io.appium.java_client.AppiumDriver.<init>(AppiumDriver.java:88)
at io.appium.java_client.AppiumDriver.<init>(AppiumDriver.java:98)
at io.appium.java_client.android.AndroidDriver.<init>(AndroidDriver.java:94)
at bluAndroid.bluAndroid.util.BaseClass.getAppCapabilities(BaseClass.java:39)
at bluAndroid.bluAndroid.TestScripts.BluLogoutTestRunner.preCondition(BluLogoutTestRunner.java:45)
at java.util.ArrayList.forEach(Unknown Source)
at io.appium.java_client.remote.AppiumCommandExecutor$1.createSession(AppiumCommandExecutor.java:186)
... 47 more
Caused by: org.openqa.selenium.WebDriverException: An unknown server-side error occurred while processing the command. Original error: Cannot start the 'sg.com.blu.android.uat' application. Visit https://github.com/appium/appium/blob/master/docs/en/writing-running-appium/android/activity-startup.md for troubleshooting. Original error: Error executing adbExec. Original error: 'Command 'C\:\\Users\\urvashi\\AppData\\Local\\Android\\Sdk\\platform-tools\\adb.exe -P 5037 -s ce031713d5fad93001 shell am start -W -n sg.com.blu.android.uat/sg.com.blu.android.features.account.SplashActivity -S' timed out after 20000ms'. Try to increase the 20000ms adb execution timeout represented by 'adbExecTimeout' capability
Build info: version: '3.141.59', revision: 'e82be7d358', time: '2018-11-14T08:17:03'
System info: host: 'BLU-LP-00004', ip: '192.168.0.124', os.name: 'Windows 10', os.arch: 'amd64', os.version: '10.0', java.version: '1.8.0_221'
Driver info: driver.version: AndroidDriver
remote stacktrace: UnknownError: An unknown server-side error occurred while processing the command. Original error: Cannot start the 'sg.com.blu.android.uat' application. Visit https://github.com/appium/appium/blob/master/docs/en/writing-running-appium/android/activity-startup.md for troubleshooting. Original error: Error executing adbExec. Original error: 'Command 'C\:\\Users\\urvashi\\AppData\\Local\\Android\\Sdk\\platform-tools\\adb.exe -P 5037 -s ce031713d5fad93001 shell am start -W -n sg.com.blu.android.uat/sg.com.blu.android.features.account.SplashActivity -S' timed out after 20000ms'. Try to increase the 20000ms adb execution timeout represented by 'adbExecTimeout' capability
    at getResponseForW3CError (C:\Users\urvashi\AppData\Local\Programs\Appium\resources\app\node_modules\appium\node_modules\appium-base-driver\lib\protocol\errors.js:826:9)
    at asyncHandler (C:\Users\urvashi\AppData\Local\Programs\Appium\resources\app\node_modules\appium\node_modules\appium-base-driver\lib\protocol\protocol.js:447:37)
    at process._tickCallback (internal/process/next_tick.js:68:7)
at org.openqa.selenium.remote.W3CHandshakeResponse.lambda$errorHandler$0(W3CHandshakeResponse.java:62)
at org.openqa.selenium.remote.HandshakeResponse.lambda$getResponseFunction$0(HandshakeResponse.java:30)
at org.openqa.selenium.remote.ProtocolHandshake.lambda$createSession$0(ProtocolHandshake.java:126)
at java.util.stream.ReferencePipeline$3$1.accept(Unknown Source)
at java.util.Spliterators$ArraySpliterator.tryAdvance(Unknown Source)
at java.util.stream.ReferencePipeline.forEachWithCancel(Unknown Source)
at java.util.stream.AbstractPipeline.copyIntoWithCancel(Unknown Source)
at java.util.stream.AbstractPipeline.copyInto(Unknown Source)
at java.util.stream.AbstractPipeline.wrapAndCopyInto(Unknown Source)
at java.util.stream.FindOps$FindOp.evaluateSequential(Unknown Source)
at java.util.stream.AbstractPipeline.evaluate(Unknown Source)
at java.util.stream.ReferencePipeline.findFirst(Unknown Source)
at org.openqa.selenium.remote.ProtocolHandshake.createSession(ProtocolHandshake.java:128)
... 51 more
... Removed 39 stack frames]]>
    </failure>
  </testcase> <!-- @BeforeMethod preCondition -->
  <testcase name="@AfterMethod getResult" time="-1.579521966487E9" classname="bluAndroid.bluAndroid.TestScripts.BluLogoutTestRunner">
    <skipped/>
  </testcase> <!-- @AfterMethod getResult -->
  <testcase name="@BeforeMethod preCondition" time="-1.579521966502E9" classname="bluAndroid.bluAndroid.TestScripts.BluLogoutTestRunner">
    <skipped/>
  </testcase> <!-- @BeforeMethod preCondition -->
  <testcase name="@AfterMethod getResult" time="-1.579521966502E9" classname="bluAndroid.bluAndroid.TestScripts.BluLogoutTestRunner">
    <skipped/>
  </testcase> <!-- @AfterMethod getResult -->
  <testcase name="@BeforeMethod preCondition" time="-1.579521966502E9" classname="bluAndroid.bluAndroid.TestScripts.BluLogoutTestRunner">
    <skipped/>
  </testcase> <!-- @BeforeMethod preCondition -->
  <testcase name="@AfterMethod getResult" time="-1.579521966502E9" classname="bluAndroid.bluAndroid.TestScripts.BluLogoutTestRunner">
    <skipped/>
  </testcase> <!-- @AfterMethod getResult -->
  <testcase name="@BeforeMethod preCondition" time="-1.579521966502E9" classname="bluAndroid.bluAndroid.TestScripts.BluLogoutTestRunner">
    <skipped/>
  </testcase> <!-- @BeforeMethod preCondition -->
  <testcase name="@AfterMethod getResult" time="-1.579521966502E9" classname="bluAndroid.bluAndroid.TestScripts.BluLogoutTestRunner">
    <skipped/>
  </testcase> <!-- @AfterMethod getResult -->
  <testcase name="@BeforeMethod preCondition" time="-1.579521966502E9" classname="bluAndroid.bluAndroid.TestScripts.BluLogoutTestRunner">
    <skipped/>
  </testcase> <!-- @BeforeMethod preCondition -->
  <testcase name="@AfterMethod getResult" time="-1.579521966517E9" classname="bluAndroid.bluAndroid.TestScripts.BluLogoutTestRunner">
    <skipped/>
  </testcase> <!-- @AfterMethod getResult -->
  <testcase name="@BeforeMethod preCondition" time="-1.579521966517E9" classname="bluAndroid.bluAndroid.TestScripts.BluLogoutTestRunner">
    <skipped/>
  </testcase> <!-- @BeforeMethod preCondition -->
  <testcase name="@AfterMethod getResult" time="-1.57952196652E9" classname="bluAndroid.bluAndroid.TestScripts.BluLogoutTestRunner">
    <skipped/>
  </testcase> <!-- @AfterMethod getResult -->
  <testcase name="tc01_validMobileValidPassword" time="17.319" classname="bluAndroid.bluAndroid.TestScripts.BluLoginTestRunner"/>
  <testcase name="tc02_invalidEmailValidPassword" time="115.28" classname="bluAndroid.bluAndroid.TestScripts.BluLoginTestRunner">
    <failure type="org.openqa.selenium.NoSuchElementException" message="An element could not be located on the page using the given search parameters.
For documentation on this error, please visit: https://www.seleniumhq.org/exceptions/no_such_element.html
Build info: version: &amp;apos;3.141.59&amp;apos;, revision: &amp;apos;e82be7d358&amp;apos;, time: &amp;apos;2018-11-14T08:17:03&amp;apos;
System info: host: &amp;apos;BLU-LP-00004&amp;apos;, ip: &amp;apos;192.168.0.124&amp;apos;, os.name: &amp;apos;Windows 10&amp;apos;, os.arch: &amp;apos;amd64&amp;apos;, os.version: &amp;apos;10.0&amp;apos;, java.version: &amp;apos;1.8.0_221&amp;apos;
Driver info: io.appium.java_client.android.AndroidDriver
Capabilities {appActivity: sg.com.blu.android.features..., appPackage: sg.com.blu.android.uat, databaseEnabled: false, desired: {appActivity: sg.com.blu.android.features..., appPackage: sg.com.blu.android.uat, deviceName: Galaxy S8+, platformName: android, platformVersion: 8.0.0, resetKeyboard: true, udid: ce031713d5fad93001, unicodeKeyboard: true}, deviceManufacturer: samsung, deviceModel: SM-G955F, deviceName: ce031713d5fad93001, deviceScreenSize: 1440x2960, deviceUDID: ce031713d5fad93001, javascriptEnabled: true, locationContextEnabled: false, networkConnectionEnabled: true, platform: LINUX, platformName: Android, platformVersion: 8.0.0, resetKeyboard: true, takesScreenshot: true, udid: ce031713d5fad93001, unicodeKeyboard: true, warnings: {}, webStorageEnabled: false}
Session ID: ec12f5f6-de5e-4115-8316-adc8e026a90a
*** Element info: {Using=id, value=sg.com.blu.android.uat.uat:id/error_tv}">
      <![CDATA[org.openqa.selenium.NoSuchElementException: An element could not be located on the page using the given search parameters.
For documentation on this error, please visit: https://www.seleniumhq.org/exceptions/no_such_element.html
Build info: version: '3.141.59', revision: 'e82be7d358', time: '2018-11-14T08:17:03'
System info: host: 'BLU-LP-00004', ip: '192.168.0.124', os.name: 'Windows 10', os.arch: 'amd64', os.version: '10.0', java.version: '1.8.0_221'
Driver info: io.appium.java_client.android.AndroidDriver
Capabilities {appActivity: sg.com.blu.android.features..., appPackage: sg.com.blu.android.uat, databaseEnabled: false, desired: {appActivity: sg.com.blu.android.features..., appPackage: sg.com.blu.android.uat, deviceName: Galaxy S8+, platformName: android, platformVersion: 8.0.0, resetKeyboard: true, udid: ce031713d5fad93001, unicodeKeyboard: true}, deviceManufacturer: samsung, deviceModel: SM-G955F, deviceName: ce031713d5fad93001, deviceScreenSize: 1440x2960, deviceUDID: ce031713d5fad93001, javascriptEnabled: true, locationContextEnabled: false, networkConnectionEnabled: true, platform: LINUX, platformName: Android, platformVersion: 8.0.0, resetKeyboard: true, takesScreenshot: true, udid: ce031713d5fad93001, unicodeKeyboard: true, warnings: {}, webStorageEnabled: false}
Session ID: ec12f5f6-de5e-4115-8316-adc8e026a90a
*** Element info: {Using=id, value=sg.com.blu.android.uat.uat:id/error_tv}
at org.openqa.selenium.remote.http.W3CHttpResponseCodec.createException(W3CHttpResponseCodec.java:187)
at org.openqa.selenium.remote.http.W3CHttpResponseCodec.decode(W3CHttpResponseCodec.java:122)
at org.openqa.selenium.remote.http.W3CHttpResponseCodec.decode(W3CHttpResponseCodec.java:49)
at org.openqa.selenium.remote.HttpCommandExecutor.execute(HttpCommandExecutor.java:158)
at io.appium.java_client.remote.AppiumCommandExecutor.execute(AppiumCommandExecutor.java:239)
at org.openqa.selenium.remote.RemoteWebDriver.execute(RemoteWebDriver.java:552)
at io.appium.java_client.DefaultGenericMobileDriver.execute(DefaultGenericMobileDriver.java:41)
at io.appium.java_client.AppiumDriver.execute(AppiumDriver.java:1)
at io.appium.java_client.android.AndroidDriver.execute(AndroidDriver.java:1)
[...]
at org.openqa.selenium.remote.http.W3CHttpResponseCodec.decode(W3CHttpResponseCodec.java:49)
at org.openqa.selenium.remote.HttpCommandExecutor.execute(HttpCommandExecutor.java:158)
at io.appium.java_client.remote.AppiumCommandExecutor.execute(AppiumCommandExecutor.java:239)
at org.openqa.selenium.remote.RemoteWebDriver.execute(RemoteWebDriver.java:552)
at io.appium.java_client.DefaultGenericMobileDriver.execute(DefaultGenericMobileDriver.java:41)
at io.appium.java_client.AppiumDriver.execute(AppiumDriver.java:1)
at io.appium.java_client.android.AndroidDriver.execute(AndroidDriver.java:1)
at org.openqa.selenium.remote.RemoteWebElement.execute(RemoteWebElement.java:285)
at io.appium.java_client.DefaultGenericMobileElement.execute(DefaultGenericMobileElement.java:45)
at io.appium.java_client.MobileElement.execute(MobileElement.java:1)
at io.appium.java_client.android.AndroidElement.execute(AndroidElement.java:1)
at org.openqa.selenium.remote.RemoteWebElement.sendKeys(RemoteWebElement.java:106)
at bluAndroid.bluAndroid.TestScripts.WalletTestRunner.tc02_paymentMethods(WalletTestRunner.java:86)
at java.util.ArrayList.forEach(Unknown Source)
... Removed 31 stack frames]]>
    </failure>
  </testcase> <!-- tc02_paymentMethods -->
  <testcase name="tc02_removePaymentMethods" time="6.649" classname="bluAndroid.bluAndroid.TestScripts.WalletTestRunner"/>
  <testcase name="tc03_transactionDetails" time="16.02" classname="bluAndroid.bluAndroid.TestScripts.WalletTestRunner"/>
  <testcase name="tc04_sendReceipt" time="24.342" classname="bluAndroid.bluAndroid.TestScripts.WalletTestRunner"/>
  <testcase name="tc_checkOutWithBlu" time="20.221" classname="bluAndroid.bluAndroid.TestScripts.CheckOutWithBluTestRunner"/>
  <testcase name="tc01_saveALocation" time="218.821" classname="bluAndroid.bluAndroid.TestScripts.SavedLocationsTestRunner"/>
  <testcase name="tc01_saveALocationByClickingOnHeartIcon" time="214.601" classname="bluAndroid.bluAndroid.TestScripts.SavedLocationsTestRunner">
    <failure type="org.openqa.selenium.NoSuchElementException" message="An element could not be located on the page using the given search parameters.
For documentation on this error, please visit: https://www.seleniumhq.org/exceptions/no_such_element.html
Build info: version: &amp;apos;3.141.59&amp;apos;, revision: &amp;apos;e82be7d358&amp;apos;, time: &amp;apos;2018-11-14T08:17:03&amp;apos;
System info: host: &amp;apos;BLU-LP-00004&amp;apos;, ip: &amp;apos;192.168.0.124&amp;apos;, os.name: &amp;apos;Windows 10&amp;apos;, os.arch: &amp;apos;amd64&amp;apos;, os.version: &amp;apos;10.0&amp;apos;, java.version: &amp;apos;1.8.0_221&amp;apos;
Driver info: io.appium.java_client.android.AndroidDriver
Capabilities {appActivity: sg.com.blu.android.features..., appPackage: sg.com.blu.android.uat, databaseEnabled: false, desired: {appActivity: sg.com.blu.android.features..., appPackage: sg.com.blu.android.uat, deviceName: Galaxy S8+, platformName: android, platformVersion: 8.0.0, resetKeyboard: true, udid: ce031713d5fad93001, unicodeKeyboard: true}, deviceManufacturer: samsung, deviceModel: SM-G955F, deviceName: ce031713d5fad93001, deviceScreenSize: 1440x2960, deviceUDID: ce031713d5fad93001, javascriptEnabled: true, locationContextEnabled: false, networkConnectionEnabled: true, platform: LINUX, platformName: Android, platformVersion: 8.0.0, resetKeyboard: true, takesScreenshot: true, udid: ce031713d5fad93001, unicodeKeyboard: true, warnings: {}, webStorageEnabled: false}
Session ID: 14ac56d2-ffd2-4907-b722-8417e71bf8ed
*** Element info: {Using=id, value=sg.com.blu.android.uat:id/search_et}">
      <![CDATA[org.openqa.selenium.NoSuchElementException: An element could not be located on the page using the given search parameters.
For documentation on this error, please visit: https://www.seleniumhq.org/exceptions/no_such_element.html
Build info: version: '3.141.59', revision: 'e82be7d358', time: '2018-11-14T08:17:03'
System info: host: 'BLU-LP-00004', ip: '192.168.0.124', os.name: 'Windows 10', os.arch: 'amd64', os.version: '10.0', java.version: '1.8.0_221'
Driver info: io.appium.java_client.android.AndroidDriver
Capabilities {appActivity: sg.com.blu.android.features..., appPackage: sg.com.blu.android.uat, databaseEnabled: false, desired: {appActivity: sg.com.blu.android.features..., appPackage: sg.com.blu.android.uat, deviceName: Galaxy S8+, platformName: android, platformVersion: 8.0.0, resetKeyboard: true, udid: ce031713d5fad93001, unicodeKeyboard: true}, deviceManufacturer: samsung, deviceModel: SM-G955F, deviceName: ce031713d5fad93001, deviceScreenSize: 1440x2960, deviceUDID: ce031713d5fad93001, javascriptEnabled: true, locationContextEnabled: false, networkConnectionEnabled: true, platform: LINUX, platformName: Android, platformVersion: 8.0.0, resetKeyboard: true, takesScreenshot: true, udid: ce031713d5fad93001, unicodeKeyboard: true, warnings: {}, webStorageEnabled: false}
Session ID: 14ac56d2-ffd2-4907-b722-8417e71bf8ed
*** Element info: {Using=id, value=sg.com.blu.android.uat:id/search_et}
at org.openqa.selenium.remote.http.W3CHttpResponseCodec.createException(W3CHttpResponseCodec.java:187)
at org.openqa.selenium.remote.http.W3CHttpResponseCodec.decode(W3CHttpResponseCodec.java:122)
at org.openqa.selenium.remote.http.W3CHttpResponseCodec.decode(W3CHttpResponseCodec.java:49)
at org.openqa.selenium.remote.HttpCommandExecutor.execute(HttpCommandExecutor.java:158)
at io.appium.java_client.remote.AppiumCommandExecutor.execute(AppiumCommandExecutor.java:239)
at org.openqa.selenium.remote.RemoteWebDriver.execute(RemoteWebDriver.java:552)
at io.appium.java_client.DefaultGenericMobileDriver.execute(DefaultGenericMobileDriver.java:41)
at io.appium.java_client.AppiumDriver.execute(AppiumDriver.java:1)
at io.appium.java_client.android.AndroidDriver.execute(AndroidDriver.java:1)
at org.openqa.selenium.remote.RemoteWebDriver.findElement(RemoteWebDriver.java:323)
at io.appium.java_client.DefaultGenericMobileDriver.findElement(DefaultGenericMobileDriver.java:61)
at io.appium.java_client.AppiumDriver.findElement(AppiumDriver.java:1)
at io.appium.java_client.android.AndroidDriver.findElement(AndroidDriver.java:1)
at org.openqa.selenium.remote.RemoteWebDriver.findElementById(RemoteWebDriver.java:372)
at io.appium.java_client.DefaultGenericMobileDriver.findElementById(DefaultGenericMobileDriver.java:69)
at io.appium.java_client.AppiumDriver.findElementById(AppiumDriver.java:1)
at io.appium.java_client.android.AndroidDriver.findElementById(AndroidDriver.java:1)
at org.openqa.selenium.By$ById.findElement(By.java:188)
at org.openqa.selenium.remote.RemoteWebDriver.findElement(RemoteWebDriver.java:315)
at io.appium.java_client.DefaultGenericMobileDriver.findElement(DefaultGenericMobileDriver.java:57)
at io.appium.java_client.AppiumDriver.findElement(AppiumDriver.java:1)
at io.appium.java_client.android.AndroidDriver.findElement(AndroidDriver.java:1)
at bluAndroid.bluAndroid.pageObjects.MapViewScreen.enterInSearchBox(MapViewScreen.java:25)
at bluAndroid.bluAndroid.TestScripts.SavedLocationsTestRunner.tc01_saveALocationByClickingOnHeartIcon(SavedLocationsTestRunner.java:103)
at java.util.ArrayList.forEach(Unknown Source)
... Removed 31 stack frames]]>
    </failure>
  </testcase> <!-- tc01_saveALocationByClickingOnHeartIcon -->
  <testcase name="tc03_saveABluHomeLocation" time="34.974" classname="bluAndroid.bluAndroid.TestScripts.SavedLocationsTestRunner"/>
  <testcase name="tc02_removeALocation" time="909.822" classname="bluAndroid.bluAndroid.TestScripts.SavedLocationsTestRunner"/>
  <testcase name="tc04_removeBluHomeLocation" time="0.0" classname="bluAndroid.bluAndroid.TestScripts.SavedLocationsTestRunner">
    <skipped/>
  </testcase> <!-- tc04_removeBluHomeLocation -->
  <testcase name="B_S01_TC01_CreateBookingViaBluPortWithBluId" time="0.0" classname="bluAndroid.bluAndroid.TestScripts.CreateBookingTestRunner">
    <skipped/>
  </testcase> <!-- B_S01_TC01_CreateBookingViaBluPortWithBluId -->
  <testcase name="B_S01_TC02_CreateBookingViaBluPortWithMobileNo" time="0.0" classname="bluAndroid.bluAndroid.TestScripts.CreateBookingTestRunner">
    <skipped/>
  </testcase> <!-- B_S01_TC02_CreateBookingViaBluPortWithMobileNo -->
  <testcase name="B_S01_TC03_CreateBookingViaBluPortWithBluIdToOwnself" time="0.0" classname="bluAndroid.bluAndroid.TestScripts.CreateBookingTestRunner">
    <skipped/>
  </testcase> <!-- B_S01_TC03_CreateBookingViaBluPortWithBluIdToOwnself -->
  <testcase name="B_S01_TC04_CreateBookingViaBluHomeWithBluId" time="0.0" classname="bluAndroid.bluAndroid.TestScripts.CreateBookingTestRunner">
    <skipped/>
  </testcase> <!-- B_S01_TC04_CreateBookingViaBluHomeWithBluId -->
  <testcase name="B_S01_TC05_CreateBookingViaBluHomeWithMobileNo" time="0.0" classname="bluAndroid.bluAndroid.TestScripts.CreateBookingTestRunner">
    <skipped/>
  </testcase> <!-- B_S01_TC05_CreateBookingViaBluHomeWithMobileNo -->
  <testcase name="B_S01_TC06_CreateBookingViaBluHomeWithBluIdToOwnself" time="0.0" classname="bluAndroid.bluAndroid.TestScripts.CreateBookingTestRunner">
    <skipped/>
  </testcase> <!-- B_S01_TC06_CreateBookingViaBluHomeWithBluIdToOwnself -->
  <testcase name="B_S01_TC07_RedeemedRewardCanBeUsesInBooking" time="0.0" classname="bluAndroid.bluAndroid.TestScripts.CreateBookingTestRunner">
    <skipped/>
  </testcase> <!-- B_S01_TC07_RedeemedRewardCanBeUsesInBooking -->
  <testcase name="B_S02_TC01_InvaldBluId" time="0.0" classname="bluAndroid.bluAndroid.TestScripts.CreateBookingTestRunner">
    <skipped/>
  </testcase> <!-- B_S02_TC01_InvaldBluId -->
  <testcase name="B_S02_TC02_NotRegisteredMobile" time="0.0" classname="bluAndroid.bluAndroid.TestScripts.CreateBookingTestRunner">
    <skipped/>
  </testcase> <!-- B_S02_TC02_NotRegisteredMobile -->
  <testcase name="B_S02_TC05_ChangeRecipientLink" time="0.0" classname="bluAndroid.bluAndroid.TestScripts.CreateBookingTestRunner">
    <skipped/>
  </testcase> <!-- B_S02_TC05_ChangeRecipientLink -->
  <testcase name="B_S02_TC05_InvalidMobileAndRecipientName" time="0.0" classname="bluAndroid.bluAndroid.TestScripts.CreateBookingTestRunner">
    <skipped/>
  </testcase> <!-- B_S02_TC05_InvalidMobileAndRecipientName -->
  <testcase name="B_S06_TC01_VerifyProductCatagoryScreen" time="0.0" classname="bluAndroid.bluAndroid.TestScripts.CreateBookingTestRunner">
    <skipped/>
  </testcase> <!-- B_S06_TC01_VerifyProductCatagoryScreen -->
  <testcase name="B_S06_TC02_VerifyProductCatagoryScreenRemarksField" time="0.0" classname="bluAndroid.bluAndroid.TestScripts.CreateBookingTestRunner">
    <skipped/>
  </testcase> <!-- B_S06_TC02_VerifyProductCatagoryScreenRemarksField -->
  <testcase name="B_S08_TC01_ApplicableRewardsForBooking" time="0.0" classname="bluAndroid.bluAndroid.TestScripts.CreateBookingTestRunner">
    <skipped/>
  </testcase> <!-- B_S08_TC01_ApplicableRewardsForBooking -->
  <testcase name="B_S09_TC01_EditOrigin" time="0.0" classname="bluAndroid.bluAndroid.TestScripts.CreateBookingTestRunner">
    <skipped/>
  </testcase> <!-- B_S09_TC01_EditOrigin -->
  <testcase name="B_S09_TC02_EditDestination" time="0.0" classname="bluAndroid.bluAndroid.TestScripts.CreateBookingTestRunner">
    <skipped/>
  </testcase> <!-- B_S09_TC02_EditDestination -->
  <testcase name="B_S09_TC03_EditDestinationBluHome" time="0.0" classname="bluAndroid.bluAndroid.TestScripts.CreateBookingTestRunner">
    <skipped/>
  </testcase> <!-- B_S09_TC03_EditDestinationBluHome -->
  <testcase name="B_S09_TC04_EditBoxSize" time="0.0" classname="bluAndroid.bluAndroid.TestScripts.CreateBookingTestRunner">
    <skipped/>
  </testcase> <!-- B_S09_TC04_EditBoxSize -->
  <testcase name="B_S09_TC05_EditProductCatagory" time="0.0" classname="bluAndroid.bluAndroid.TestScripts.CreateBookingTestRunner">
    <skipped/>
  </testcase> <!-- B_S09_TC05_EditProductCatagory -->
  <testcase name="B_S09_TC06_EditRemarks" time="0.0" classname="bluAndroid.bluAndroid.TestScripts.CreateBookingTestRunner">
    <skipped/>
  </testcase> <!-- B_S09_TC06_EditRemarks -->
  <testcase name="B_S09_TC07_EditReward" time="0.0" classname="bluAndroid.bluAndroid.TestScripts.CreateBookingTestRunner">
    <skipped/>
  </testcase> <!-- B_S09_TC07_EditReward -->
  <testcase name="B_S13_TC01_CreateRequestViaBluPortWithBluId" time="0.0" classname="bluAndroid.bluAndroid.TestScripts.CreateRequestTestRunner">
    <skipped/>
  </testcase> <!-- B_S13_TC01_CreateRequestViaBluPortWithBluId -->
  <testcase name="B_S13_TC02_CreateRequestViaBluPortWithMobileNo" time="0.0" classname="bluAndroid.bluAndroid.TestScripts.CreateRequestTestRunner">
    <skipped/>
  </testcase> <!-- B_S13_TC02_CreateRequestViaBluPortWithMobileNo -->
  <testcase name="B_S13_TC03_CreateRequestViaBluHomeWithBluId" time="0.0" classname="bluAndroid.bluAndroid.TestScripts.CreateRequestTestRunner">
    <skipped/>
  </testcase> <!-- B_S13_TC03_CreateRequestViaBluHomeWithBluId -->
  <testcase name="B_S13_TC04_CreateRequestViaBluHomeWithMobileNo" time="0.0" classname="bluAndroid.bluAndroid.TestScripts.CreateRequestTestRunner">
    <skipped/>
  </testcase> <!-- B_S13_TC04_CreateRequestViaBluHomeWithMobileNo -->
  <testcase name="B_S14_TC01_cancelRequest" time="0.0" classname="bluAndroid.bluAndroid.TestScripts.CreateRequestTestRunner">
    <skipped/>
  </testcase> <!-- B_S14_TC01_cancelRequest -->
  <testcase name="B_S15_TC01_MakeBookingViaRequest" time="0.0" classname="bluAndroid.bluAndroid.TestScripts.CreateBookingViaRequestTestRunner">
    <skipped/>
  </testcase> <!-- B_S15_TC01_MakeBookingViaRequest -->
  <testcase name="B_S15_TC02_RejectRequest" time="0.0" classname="bluAndroid.bluAndroid.TestScripts.CreateBookingViaRequestTestRunner">
    <skipped/>
  </testcase> <!-- B_S15_TC02_RejectRequest -->
  <testcase name="G_S06_TC01_redeemRewardWithCredits" time="0.0" classname="bluAndroid.bluAndroid.TestScripts.RewardsTestRunner">
    <skipped/>
  </testcase> <!-- G_S06_TC01_redeemRewardWithCredits -->
  <testcase name="G_S06_TC02_redeemRewardWithPoints" time="0.0" classname="bluAndroid.bluAndroid.TestScripts.RewardsTestRunner">
    <skipped/>
  </testcase> <!-- G_S06_TC02_redeemRewardWithPoints -->
  <testcase name="G_S06_TC03_redeemRewardWithPointsAndCredits" time="0.0" classname="bluAndroid.bluAndroid.TestScripts.RewardsTestRunner">
    <skipped/>
  </testcase> <!-- G_S06_TC03_redeemRewardWithPointsAndCredits -->
  <testcase name="G_S06_TC04_redeemPhysicalReward" time="0.0" classname="bluAndroid.bluAndroid.TestScripts.RewardsTestRunner">
    <skipped/>
  </testcase> <!-- G_S06_TC04_redeemPhysicalReward -->
  <testcase name="G_S06_TC05_promoCode" time="0.0" classname="bluAndroid.bluAndroid.TestScripts.RewardsTestRunner">
    <skipped/>
  </testcase> <!-- G_S06_TC05_promoCode -->
  <testcase name="G_S06_TC06_redeemedRewardDisplayedUnderRedeemedTab" time="0.0" classname="bluAndroid.bluAndroid.TestScripts.RewardsTestRunner">
    <skipped/>
  </testcase> <!-- G_S06_TC06_redeemedRewardDisplayedUnderRedeemedTab -->
  <testcase name="tc01_logout" time="0.0" classname="bluAndroid.bluAndroid.TestScripts.BluLogoutTestRunner">
    <skipped/>
  </testcase> <!-- tc01_logout -->
  <testcase name="tc02_resetPassword" time="0.0" classname="bluAndroid.bluAndroid.TestScripts.BluLogoutTestRunner">
    <skipped/>
  </testcase> <!-- tc02_resetPassword -->
  <testcase name="tc03_resetPasswordErrorWhenActorhasNotProvidedAnythingAndClicksOnSubmit" time="0.0" classname="bluAndroid.bluAndroid.TestScripts.BluLogoutTestRunner">
    <skipped/>
  </testcase> <!-- tc03_resetPasswordErrorWhenActorhasNotProvidedAnythingAndClicksOnSubmit -->
  <testcase name="tc04_NonMatchingPassword" time="0.0" classname="bluAndroid.bluAndroid.TestScripts.BluLogoutTestRunner">
    <skipped/>
  </testcase> <!-- tc04_NonMatchingPassword -->
  <testcase name="tc05_Invalidpassword" time="0.0" classname="bluAndroid.bluAndroid.TestScripts.BluLogoutTestRunner">
    <skipped/>
  </testcase> <!-- tc05_Invalidpassword -->
  <testcase name="tc06_deactivateAccount" time="0.0" classname="bluAndroid.bluAndroid.TestScripts.BluLogoutTestRunner">
    <skipped/>
  </testcase> <!-- tc06_deactivateAccount -->
  <testcase name="@BeforeSuite SetUp" time="0.0" classname="bluAndroid.bluAndroid.util.BaseClass">
    <ignored/>
  </testcase> <!-- @BeforeSuite SetUp -->
  <testcase name="@BeforeSuite SetUp" time="0.0" classname="bluAndroid.bluAndroid.util.BaseClass">
    <ignored/>
  </testcase> <!-- @BeforeSuite SetUp -->
  <testcase name="@BeforeSuite SetUp" time="0.0" classname="bluAndroid.bluAndroid.util.BaseClass">
    <ignored/>
  </testcase> <!-- @BeforeSuite SetUp -->
  <testcase name="@BeforeSuite SetUp" time="0.0" classname="bluAndroid.bluAndroid.util.BaseClass">
    <ignored/>
  </testcase> <!-- @BeforeSuite SetUp -->
  <testcase name="@BeforeSuite SetUp" time="0.0" classname="bluAndroid.bluAndroid.util.BaseClass">
    <ignored/>
  </testcase> <!-- @BeforeSuite SetUp -->
  <testcase name="@BeforeSuite SetUp" time="0.0" classname="bluAndroid.bluAndroid.util.BaseClass">
    <ignored/>
  </testcase> <!-- @BeforeSuite SetUp -->
  <testcase name="@BeforeSuite SetUp" time="0.0" classname="bluAndroid.bluAndroid.util.BaseClass">
    <ignored/>
  </testcase> <!-- @BeforeSuite SetUp -->
  <testcase name="@BeforeSuite SetUp" time="0.0" classname="bluAndroid.bluAndroid.util.BaseClass">
    <ignored/>
  </testcase> <!-- @BeforeSuite SetUp -->
  <testcase name="@BeforeSuite SetUp" time="0.0" classname="bluAndroid.bluAndroid.util.BaseClass">
    <ignored/>
  </testcase> <!-- @BeforeSuite SetUp -->
  <testcase name="@BeforeSuite SetUp" time="0.0" classname="bluAndroid.bluAndroid.util.BaseClass">
    <ignored/>
  </testcase> <!-- @BeforeSuite SetUp -->
  <testcase name="@BeforeSuite SetUp" time="0.0" classname="bluAndroid.bluAndroid.util.BaseClass">
    <ignored/>
  </testcase> <!-- @BeforeSuite SetUp -->
  <testcase name="tc05_maximumInvalidLoginAttemptError" time="0.0" classname="bluAndroid.bluAndroid.TestScripts.BluLoginTestRunner">
    <ignored/>
  </testcase> <!-- tc05_maximumInvalidLoginAttemptError -->
  <testcase name="@AfterSuite tearDown" time="0.0" classname="bluAndroid.bluAndroid.util.BaseClass">
    <ignored/>
  </testcase> <!-- @AfterSuite tearDown -->
  <testcase name="splashScreen" time="0.0" classname="bluAndroid.bluAndroid.TestScripts.BluLoginTestRunner">
    <ignored/>
  </testcase> <!-- splashScreen -->
  <testcase name="@AfterSuite tearDown" time="0.0" classname="bluAndroid.bluAndroid.util.BaseClass">
    <ignored/>
  </testcase> <!-- @AfterSuite tearDown -->
  <testcase name="@AfterSuite tearDown" time="0.0" classname="bluAndroid.bluAndroid.util.BaseClass">
    <ignored/>
  </testcase> <!-- @AfterSuite tearDown -->
  <testcase name="@AfterSuite tearDown" time="0.0" classname="bluAndroid.bluAndroid.util.BaseClass">
    <ignored/>
  </testcase> <!-- @AfterSuite tearDown -->
  <testcase name="@AfterSuite tearDown" time="0.0" classname="bluAndroid.bluAndroid.util.BaseClass">
    <ignored/>
  </testcase> <!-- @AfterSuite tearDown -->
  <testcase name="@AfterSuite tearDown" time="0.0" classname="bluAndroid.bluAndroid.util.BaseClass">
    <ignored/>
  </testcase> <!-- @AfterSuite tearDown -->
  <testcase name="@AfterSuite tearDown" time="0.0" classname="bluAndroid.bluAndroid.util.BaseClass">
    <ignored/>
  </testcase> <!-- @AfterSuite tearDown -->
  <testcase name="@AfterSuite tearDown" time="0.0" classname="bluAndroid.bluAndroid.util.BaseClass">
    <ignored/>
  </testcase> <!-- @AfterSuite tearDown -->
  <testcase name="@AfterSuite tearDown" time="0.0" classname="bluAndroid.bluAndroid.util.BaseClass">
    <ignored/>
  </testcase> <!-- @AfterSuite tearDown -->
  <testcase name="@AfterSuite tearDown" time="0.0" classname="bluAndroid.bluAndroid.util.BaseClass">
    <ignored/>
  </testcase> <!-- @AfterSuite tearDown -->
  <testcase name="@AfterSuite tearDown" time="0.0" classname="bluAndroid.bluAndroid.util.BaseClass">
    <ignored/>
  </testcase> <!-- @AfterSuite tearDown -->
</testsuite> <!-- order -->
